/mnt/matylda3/vydana/HOW2_EXP/MT_Transformer/models/Transformer_T4


mkdir: created directory ‘/mnt/matylda3/vydana/HOW2_EXP/MT_Transformer/MT_data_files/28380_temp’
/mnt/matylda3/vydana/HOW2_EXP/MT_Transformer/MT_data_files/28380_temp/
Namespace(Am_weight=1, Decoding_job_no=0, LM_model='None', MT_flag=0, RNNLM_model='/mnt/matylda3/vydana/HOW2_EXP/Timit/models/TIMIT_fullnewsetup_2_4dr0.3_LAS_loc_arg_format_V2/model_architecture_', Res_text_file='/mnt/matylda3/vydana/HOW2_EXP/MT_Transformer/weight_files/Transformer_T4_Res', SWA_random_tag=0, Src_model_path='/mnt/matylda3/vydana/HOW2_EXP/MT_Transformer/Tokenizers/models_PTG/PTG_Tok__bpe.model', Tgt_model_path='/mnt/matylda3/vydana/HOW2_EXP/MT_Transformer/Tokenizers/models_ENG/ENG_Tok__bpe.model', accm_grad=2.0, batch_size=10, beam=10, clip_grad_norm=5.0, data_dir='/mnt/matylda3/vydana/HOW2_EXP/MT_Transformer/MT_data_files/28380_temp/', dec_embd_vec_size=256, decoder_dinner=1024, decoder_dmodel=256, decoder_dropout=0.1, decoder_ff_dropout=0.3, decoder_heads=4, decoder_layers=6, decoder_plot_name='default_folder', dev_path='/mnt/matylda3/vydana/HOW2_EXP/MT_Transformer/scp_files/dev/', early_stopping=0, early_stopping_checkpoints=5, early_stopping_patience=5, encoder_dinner=1024, encoder_dmodel=256, encoder_dropout=0.1, encoder_ff_dropout=0.3, encoder_heads=4, encoder_layers=6, gamma=1, gpu=1, label_smoothing=0.1, learning_rate=0.0001, len_pen=1, lr_redut_st_th=3, lr_scale=1.0, max_batch_label_len=8000, max_batch_len=100, max_feat_len=300, max_label_len=300, max_train_examples=200, max_val_examples=2305, model_dir='/mnt/matylda3/vydana/HOW2_EXP/MT_Transformer/models/Transformer_T4', nepochs=100, new_bob_decay=0, no_of_checkpoints=2, noise_inj_ratio=0.1, pe_max_len=5000, plot_decoding_pics=0, plot_fig_training=0, plot_fig_validation=0, pre_trained_weight='0', reduce_learning_rate_flag=0, retrain_the_last_layer='False', scp_for_decoding=0, src_text_file='/mnt/matylda3/vydana/HOW2_EXP/MT_Transformer/Tokenizers/full_text_id.en', test_path='/mnt/matylda3/vydana/benchmarking_datasets/Timit/scp_files/test/', tgt_text_file='/mnt/matylda3/vydana/HOW2_EXP/MT_Transformer/Tokenizers/full_text_id.pt', tie_dec_emb_weights=0, tr_disp=50, train_path='/mnt/matylda3/vydana/HOW2_EXP/MT_Transformer/scp_files/train/', val_batch_size=2000, validate_interval=1000, verbosity=None, vl_disp=10, warmup_steps=5000, weight_noise_flag=0, weight_text_file='/mnt/matylda3/vydana/HOW2_EXP/MT_Transformer/weight_files/Transformer_T4')
b'0\n'
0
Using TensorFlow backend.
Initial Weights 0
model:=====> 14.932876
tr ep:==:> 0 sampl no:==:> 0 train_cost==:> 4.3287458419799805 CER: 1.0 BPE_CER 1.0
tr ep:==:> 0 sampl no:==:> 50 train_cost==:> 4.273495393640855 CER: 0.9994764439519767 BPE_CER 0.9994764439519767
tr ep:==:> 0 sampl no:==:> 100 train_cost==:> 4.171801902279995 CER: 0.9512005231185927 BPE_CER 0.9512005231185927
tr ep:==:> 0 sampl no:==:> 150 train_cost==:> 4.060147299671804 CER: 0.9190418784651448 BPE_CER 0.9190418784651448
tr ep:==:> 0 sampl no:==:> 200 train_cost==:> 3.970999559952845 CER: 0.9039068293243951 BPE_CER 0.9039068293243951
tr ep:==:> 0 sampl no:==:> 250 train_cost==:> 3.8971493301163633 CER: 0.8952643108551276 BPE_CER 0.8952643108551276
tr ep:==:> 0 sampl no:==:> 300 train_cost==:> 3.8263076001227496 CER: 0.8867184615034289 BPE_CER 0.8867184615034289
tr ep:==:> 0 sampl no:==:> 350 train_cost==:> 3.7562184938338405 CER: 0.8786575772303035 BPE_CER 0.8786575772303035
tr ep:==:> 0 sampl no:==:> 400 train_cost==:> 3.6860588524406985 CER: 0.8716275226700154 BPE_CER 0.8716275226700154
tr ep:==:> 0 sampl no:==:> 450 train_cost==:> 3.615298334087871 CER: 0.862964151833903 BPE_CER 0.862964151833903
tr ep:==:> 0 sampl no:==:> 500 train_cost==:> 3.5451283740426254 CER: 0.8538458252467112 BPE_CER 0.8538458252467112
tr ep:==:> 0 sampl no:==:> 550 train_cost==:> 3.4766712889697287 CER: 0.8448176374030658 BPE_CER 0.8448176374030658
tr ep:==:> 0 sampl no:==:> 600 train_cost==:> 3.411512071796741 CER: 0.8369021692163583 BPE_CER 0.8369021692163583
tr ep:==:> 0 sampl no:==:> 650 train_cost==:> 3.350241455614292 CER: 0.8294688696857792 BPE_CER 0.8294688696857792
tr ep:==:> 0 sampl no:==:> 700 train_cost==:> 3.2927936653948033 CER: 0.8225197839853394 BPE_CER 0.8225197839853394
tr ep:==:> 0 sampl no:==:> 750 train_cost==:> 3.238314207003374 CER: 0.8157939962984524 BPE_CER 0.8157939962984524
tr ep:==:> 0 sampl no:==:> 800 train_cost==:> 3.1874717814794344 CER: 0.8093381923667754 BPE_CER 0.8093381923667754
tr ep:==:> 0 sampl no:==:> 850 train_cost==:> 3.1404937072870456 CER: 0.803209579892398 BPE_CER 0.803209579892398
tr ep:==:> 0 sampl no:==:> 900 train_cost==:> 3.0964843792867716 CER: 0.7973156455233076 BPE_CER 0.7973156455233076
tr ep:==:> 0 sampl no:==:> 950 train_cost==:> 3.0548730500739705 CER: 0.7915531264315308 BPE_CER 0.7915531264315308
val epoch:==:> 0 val smp no:==:> 0 val_cost:==:> 4.46893835067749 CER: 0.6829570058768946 BPE_CER 0.6829570058768946
val epoch:==:> 0 val smp no:==:> 10 val_cost:==:> 4.616429675709117 CER: 0.7066640906577358 BPE_CER 0.7066640906577358
val epoch:==:> 0 val smp no:==:> 20 val_cost:==:> 4.606612727755592 CER: 0.7043420026078967 BPE_CER 0.7043420026078967
val epoch:==:> 0 val smp no:==:> 30 val_cost:==:> 4.603740199919669 CER: 0.7041604589003387 BPE_CER 0.7041604589003387
val_history: [70.35634078]
model_epoch_0_sample_999_3.016364984989166___4.601246735628913__0.7035634077616093
tr ep:==:> 1 sampl no:==:> 0 train_cost==:> 2.254525661468506 CER: 0.6728081321473951 BPE_CER 0.6728081321473951
tr ep:==:> 1 sampl no:==:> 50 train_cost==:> 2.23960438896628 CER: 0.6749095301755241 BPE_CER 0.6749095301755241
tr ep:==:> 1 sampl no:==:> 100 train_cost==:> 2.22106400574788 CER: 0.6700906551047453 BPE_CER 0.6700906551047453
tr ep:==:> 1 sampl no:==:> 150 train_cost==:> 2.2049649361743042 CER: 0.6671353301170145 BPE_CER 0.6671353301170145
tr ep:==:> 1 sampl no:==:> 200 train_cost==:> 2.1911753362684108 CER: 0.6640825074489548 BPE_CER 0.6640825074489548
tr ep:==:> 1 sampl no:==:> 250 train_cost==:> 2.178363568279373 CER: 0.66115428900854 BPE_CER 0.66115428900854
tr ep:==:> 1 sampl no:==:> 300 train_cost==:> 2.1664342595097232 CER: 0.6586199481405468 BPE_CER 0.6586199481405468
tr ep:==:> 1 sampl no:==:> 350 train_cost==:> 2.1549937236003385 CER: 0.6559130271989102 BPE_CER 0.6559130271989102
tr ep:==:> 1 sampl no:==:> 400 train_cost==:> 2.1443554023257514 CER: 0.6533559236955807 BPE_CER 0.6533559236955807
tr ep:==:> 1 sampl no:==:> 450 train_cost==:> 2.1338188074644813 CER: 0.6506622756235595 BPE_CER 0.6506622756235595
tr ep:==:> 1 sampl no:==:> 500 train_cost==:> 2.1243973292276532 CER: 0.6480982079898925 BPE_CER 0.6480982079898925
tr ep:==:> 1 sampl no:==:> 550 train_cost==:> 2.114857132984376 CER: 0.645653721454615 BPE_CER 0.645653721454615
tr ep:==:> 1 sampl no:==:> 600 train_cost==:> 2.1053062762674597 CER: 0.643124079765954 BPE_CER 0.643124079765954
tr ep:==:> 1 sampl no:==:> 650 train_cost==:> 2.0964615535443096 CER: 0.6408877949250736 BPE_CER 0.6408877949250736
tr ep:==:> 1 sampl no:==:> 700 train_cost==:> 2.0872765197903558 CER: 0.6384686203466657 BPE_CER 0.6384686203466657
tr ep:==:> 1 sampl no:==:> 750 train_cost==:> 2.078255477980196 CER: 0.6360970638731862 BPE_CER 0.6360970638731862
tr ep:==:> 1 sampl no:==:> 800 train_cost==:> 2.070104012328587 CER: 0.6339887396500424 BPE_CER 0.6339887396500424
tr ep:==:> 1 sampl no:==:> 850 train_cost==:> 2.062435755438306 CER: 0.6317956365749596 BPE_CER 0.6317956365749596
tr ep:==:> 1 sampl no:==:> 900 train_cost==:> 2.0549726076052006 CER: 0.629691071167418 BPE_CER 0.629691071167418
tr ep:==:> 1 sampl no:==:> 950 train_cost==:> 2.0471478110232186 CER: 0.6275684284399885 BPE_CER 0.6275684284399885
val epoch:==:> 1 val smp no:==:> 0 val_cost:==:> 3.629500150680542 CER: 0.5477884317970925 BPE_CER 0.5477884317970925
val epoch:==:> 1 val smp no:==:> 10 val_cost:==:> 3.765271165154197 CER: 0.5783703088821827 BPE_CER 0.5783703088821827
val epoch:==:> 1 val smp no:==:> 20 val_cost:==:> 3.774838299978347 CER: 0.5788987841453315 BPE_CER 0.5788987841453315
val epoch:==:> 1 val smp no:==:> 30 val_cost:==:> 3.778211978174025 CER: 0.5809012673259569 BPE_CER 0.5809012673259569
val_history: [70.35634078 57.97312679]
model_epoch_1_sample_999_2.0400234380960462___3.7721729979795566__0.5797312679432421
tr ep:==:> 2 sampl no:==:> 0 train_cost==:> 1.9001749753952026 CER: 0.583462372251471 BPE_CER 0.583462372251471
tr ep:==:> 2 sampl no:==:> 50 train_cost==:> 1.8876509526196648 CER: 0.5823032095360485 BPE_CER 0.5823032095360485
tr ep:==:> 2 sampl no:==:> 100 train_cost==:> 1.8876975798370814 CER: 0.5816356307695912 BPE_CER 0.5816356307695912
tr ep:==:> 2 sampl no:==:> 150 train_cost==:> 1.8844753638008573 CER: 0.5809285689337812 BPE_CER 0.5809285689337812
tr ep:==:> 2 sampl no:==:> 200 train_cost==:> 1.8794811281991834 CER: 0.579418219655164 BPE_CER 0.579418219655164
tr ep:==:> 2 sampl no:==:> 250 train_cost==:> 1.8759443474955768 CER: 0.5782831521675942 BPE_CER 0.5782831521675942
tr ep:==:> 2 sampl no:==:> 300 train_cost==:> 1.8725745899732722 CER: 0.5773015926258248 BPE_CER 0.5773015926258248
tr ep:==:> 2 sampl no:==:> 350 train_cost==:> 1.8690016154210451 CER: 0.5763742852475814 BPE_CER 0.5763742852475814
tr ep:==:> 2 sampl no:==:> 400 train_cost==:> 1.8654141794713655 CER: 0.5751773798147094 BPE_CER 0.5751773798147094
tr ep:==:> 2 sampl no:==:> 450 train_cost==:> 1.8613171099030523 CER: 0.574002925743724 BPE_CER 0.574002925743724
tr ep:==:> 2 sampl no:==:> 500 train_cost==:> 1.8576778035439894 CER: 0.5728101737002811 BPE_CER 0.5728101737002811
tr ep:==:> 2 sampl no:==:> 550 train_cost==:> 1.8551465766183262 CER: 0.5721190048093773 BPE_CER 0.5721190048093773
tr ep:==:> 2 sampl no:==:> 600 train_cost==:> 1.8524914011979063 CER: 0.5715086916187432 BPE_CER 0.5715086916187432
tr ep:==:> 2 sampl no:==:> 650 train_cost==:> 1.8500360526979978 CER: 0.5708690962904036 BPE_CER 0.5708690962904036
key,Src_tokens, self.max_feat_len, Tgt_tokens, self.max_label_len dOMOEYgEt7g_5 145 300 366 300
tr ep:==:> 2 sampl no:==:> 700 train_cost==:> 1.847912605580862 CER: 0.570322859171938 BPE_CER 0.570322859171938
tr ep:==:> 2 sampl no:==:> 750 train_cost==:> 1.8466443872642264 CER: 0.5701424680393777 BPE_CER 0.5701424680393777
tr ep:==:> 2 sampl no:==:> 800 train_cost==:> 1.8455005471923676 CER: 0.5699540420485509 BPE_CER 0.5699540420485509
key,Src_tokens, self.max_feat_len, Tgt_tokens, self.max_label_len 0rqurUFgdJo_1 258 300 314 300
key,Src_tokens, self.max_feat_len, Tgt_tokens, self.max_label_len 62POU3g8yyg_3 272 300 302 300
key,Src_tokens, self.max_feat_len, Tgt_tokens, self.max_label_len -bLfarX5JXU_12 285 300 304 300
key,Src_tokens, self.max_feat_len, Tgt_tokens, self.max_label_len DhizhItKBOU_3 291 300 321 300
key,Src_tokens, self.max_feat_len, Tgt_tokens, self.max_label_len ehqk9k4eL_k_4 286 300 331 300
key,Src_tokens, self.max_feat_len, Tgt_tokens, self.max_label_len 493J3T7KlW8_2 265 300 313 300
key,Src_tokens, self.max_feat_len, Tgt_tokens, self.max_label_len cLMiUo-Rx5k_0 286 300 325 300
key,Src_tokens, self.max_feat_len, Tgt_tokens, self.max_label_len 2wJL2WGTUno_1 266 300 305 300
key,Src_tokens, self.max_feat_len, Tgt_tokens, self.max_label_len bioDgTVFqvE_2 294 300 348 300
key,Src_tokens, self.max_feat_len, Tgt_tokens, self.max_label_len CtkU61WviAk_7 275 300 303 300
key,Src_tokens, self.max_feat_len, Tgt_tokens, self.max_label_len eIh4MthHNxU_0 292 300 306 300
key,Src_tokens, self.max_feat_len, Tgt_tokens, self.max_label_len 41r65XHWjhc_1 289 300 318 300
key,Src_tokens, self.max_feat_len, Tgt_tokens, self.max_label_len 3KRbbl1MBDo_3 276 300 306 300
key,Src_tokens, self.max_feat_len, Tgt_tokens, self.max_label_len cRRD3k2ZGSc_5 288 300 320 300
key,Src_tokens, self.max_feat_len, Tgt_tokens, self.max_label_len 5TbywxVnACs_0 282 300 312 300
key,Src_tokens, self.max_feat_len, Tgt_tokens, self.max_label_len DKMswFUYUzM_1 287 300 325 300
key,Src_tokens, self.max_feat_len, Tgt_tokens, self.max_label_len 5GfDo4PyVYg_2 289 300 328 300
key,Src_tokens, self.max_feat_len, Tgt_tokens, self.max_label_len cVe-33JxCEo_15 315 300 305 300
key,Src_tokens, self.max_feat_len, Tgt_tokens, self.max_label_len b49QTkRCMAc_3 295 300 347 300
key,Src_tokens, self.max_feat_len, Tgt_tokens, self.max_label_len EHCVQO9kl3g_3 287 300 312 300
key,Src_tokens, self.max_feat_len, Tgt_tokens, self.max_label_len 4GvtfgDld6Q_4_5 324 300 317 300
key,Src_tokens, self.max_feat_len, Tgt_tokens, self.max_label_len EPktlec9eh4_13 295 300 342 300
key,Src_tokens, self.max_feat_len, Tgt_tokens, self.max_label_len 5E44aRUBuMM_7 296 300 329 300
key,Src_tokens, self.max_feat_len, Tgt_tokens, self.max_label_len bZZDcMTvOqU_2_3 303 300 337 300
key,Src_tokens, self.max_feat_len, Tgt_tokens, self.max_label_len Dd6MJFdK1dY_1 311 300 368 300
key,Src_tokens, self.max_feat_len, Tgt_tokens, self.max_label_len f6-nMrpbE9Q_4 377 300 385 300
key,Src_tokens, self.max_feat_len, Tgt_tokens, self.max_label_len cLiJmcEJGS0_2 342 300 377 300
key,Src_tokens, self.max_feat_len, Tgt_tokens, self.max_label_len bda9rprlDv0_2 313 300 361 300
key,Src_tokens, self.max_feat_len, Tgt_tokens, self.max_label_len 2uhBUuso_IA_4 311 300 394 300
key,Src_tokens, self.max_feat_len, Tgt_tokens, self.max_label_len dIjBq65VjJo_1 308 300 342 300
key,Src_tokens, self.max_feat_len, Tgt_tokens, self.max_label_len 5RDfL2DxEZw_0 311 300 341 300
key,Src_tokens, self.max_feat_len, Tgt_tokens, self.max_label_len dmFkCpuTDBo_9 327 300 352 300
key,Src_tokens, self.max_feat_len, Tgt_tokens, self.max_label_len FOlklF3YXhQ_3 325 300 331 300
key,Src_tokens, self.max_feat_len, Tgt_tokens, self.max_label_len Dd6MJFdK1dY_0 333 300 310 300
key,Src_tokens, self.max_feat_len, Tgt_tokens, self.max_label_len b_-fYgraVBk_4 343 300 371 300
key,Src_tokens, self.max_feat_len, Tgt_tokens, self.max_label_len 3L9jlQBbzzc_4 338 300 368 300
key,Src_tokens, self.max_feat_len, Tgt_tokens, self.max_label_len brjclAlla1E_5 356 300 348 300
key,Src_tokens, self.max_feat_len, Tgt_tokens, self.max_label_len 3Xx5z3qalz4_6 402 300 426 300
key,Src_tokens, self.max_feat_len, Tgt_tokens, self.max_label_len DRtvN6VLw5s_3 366 300 381 300
key,Src_tokens, self.max_feat_len, Tgt_tokens, self.max_label_len drYvhqW80zw_2 339 300 381 300
key,Src_tokens, self.max_feat_len, Tgt_tokens, self.max_label_len EauGmYmH6rc_9 362 300 384 300
key,Src_tokens, self.max_feat_len, Tgt_tokens, self.max_label_len CbnpkqlOWI0_5 349 300 381 300
key,Src_tokens, self.max_feat_len, Tgt_tokens, self.max_label_len c14_dqkC85k_5 364 300 362 300
key,Src_tokens, self.max_feat_len, Tgt_tokens, self.max_label_len 4KQ9XIZGabs_4 392 300 77 300
key,Src_tokens, self.max_feat_len, Tgt_tokens, self.max_label_len EHCVQO9kl3g_0 342 300 413 300
key,Src_tokens, self.max_feat_len, Tgt_tokens, self.max_label_len arbGwOyEaXY_3 357 300 387 300
key,Src_tokens, self.max_feat_len, Tgt_tokens, self.max_label_len acAk-7STHO4_2 361 300 392 300
key,Src_tokens, self.max_feat_len, Tgt_tokens, self.max_label_len ay7aiF-EwDQ_1 353 300 381 300
key,Src_tokens, self.max_feat_len, Tgt_tokens, self.max_label_len FUb0zNNDx-4_8 380 300 411 300
key,Src_tokens, self.max_feat_len, Tgt_tokens, self.max_label_len 3mtlKeNUM7M_4 374 300 405 300
key,Src_tokens, self.max_feat_len, Tgt_tokens, self.max_label_len cD_1TCqqgs4_5 379 300 443 300
key,Src_tokens, self.max_feat_len, Tgt_tokens, self.max_label_len _fJ6klMBtCM_1 383 300 404 300
key,Src_tokens, self.max_feat_len, Tgt_tokens, self.max_label_len f3ajmKO6gRQ_0_1 381 300 433 300
key,Src_tokens, self.max_feat_len, Tgt_tokens, self.max_label_len 5EyHJvHVIkQ_11 383 300 459 300
key,Src_tokens, self.max_feat_len, Tgt_tokens, self.max_label_len aWYmihAt2ks_4 414 300 425 300
key,Src_tokens, self.max_feat_len, Tgt_tokens, self.max_label_len 05svBr3FJD4_1 451 300 499 300
key,Src_tokens, self.max_feat_len, Tgt_tokens, self.max_label_len CUnZgauCwa8_2 430 300 373 300
key,Src_tokens, self.max_feat_len, Tgt_tokens, self.max_label_len 3tYl5172Qas_0 415 300 440 300
key,Src_tokens, self.max_feat_len, Tgt_tokens, self.max_label_len dztE9rGCozs_1 475 300 388 300
key,Src_tokens, self.max_feat_len, Tgt_tokens, self.max_label_len 6-3W9CZHKKs_1 475 300 212 300
tr ep:==:> 2 sampl no:==:> 850 train_cost==:> 1.8452809532156562 CER: 0.5703009463776137 BPE_CER 0.5703009463776137
tr ep:==:> 2 sampl no:==:> 900 train_cost==:> 1.8460258155498865 CER: 0.5711007875635041 BPE_CER 0.5711007875635041
tr ep:==:> 2 sampl no:==:> 950 train_cost==:> 1.8445719472993436 CER: 0.5689457722641328 BPE_CER 0.5689457722641328
val epoch:==:> 2 val smp no:==:> 0 val_cost:==:> 3.795994758605957 CER: 0.5852149706155274 BPE_CER 0.5852149706155274
val epoch:==:> 2 val smp no:==:> 10 val_cost:==:> 3.942288940603083 CER: 0.6140640598673818 BPE_CER 0.6140640598673818
val epoch:==:> 2 val smp no:==:> 20 val_cost:==:> 3.9404362610408237 CER: 0.6119064525343838 BPE_CER 0.6119064525343838
val epoch:==:> 2 val smp no:==:> 30 val_cost:==:> 3.944565619191816 CER: 0.6149491090682315 BPE_CER 0.6149491090682315
val_history: [70.35634078 57.97312679 61.39538493]
model_epoch_2_sample_999_1.8364159648418426___3.9402717141544117__0.6139538493335841
tr ep:==:> 3 sampl no:==:> 0 train_cost==:> 1.5612636804580688 CER: 0.4178700361010831 BPE_CER 0.4178700361010831
tr ep:==:> 3 sampl no:==:> 50 train_cost==:> 1.590669227581398 CER: 0.43263166417138776 BPE_CER 0.43263166417138776
tr ep:==:> 3 sampl no:==:> 100 train_cost==:> 1.5613369859091126 CER: 0.4227768921532517 BPE_CER 0.4227768921532517
tr ep:==:> 3 sampl no:==:> 150 train_cost==:> 1.5427524396125845 CER: 0.4165097106525813 BPE_CER 0.4165097106525813
tr ep:==:> 3 sampl no:==:> 200 train_cost==:> 1.5330302531446391 CER: 0.41363470851929657 BPE_CER 0.41363470851929657
tr ep:==:> 3 sampl no:==:> 250 train_cost==:> 1.529718601846125 CER: 0.41316297132037344 BPE_CER 0.41316297132037344
tr ep:==:> 3 sampl no:==:> 300 train_cost==:> 1.5249076935143961 CER: 0.41216640826190015 BPE_CER 0.41216640826190015
tr ep:==:> 3 sampl no:==:> 350 train_cost==:> 1.5217404192329471 CER: 0.41180394949672994 BPE_CER 0.41180394949672994
tr ep:==:> 3 sampl no:==:> 400 train_cost==:> 1.5193669638431577 CER: 0.4114474318899213 BPE_CER 0.4114474318899213
tr ep:==:> 3 sampl no:==:> 450 train_cost==:> 1.5183301833675071 CER: 0.41169601143506335 BPE_CER 0.41169601143506335
tr ep:==:> 3 sampl no:==:> 500 train_cost==:> 1.5167412541345684 CER: 0.4116732539311592 BPE_CER 0.4116732539311592
tr ep:==:> 3 sampl no:==:> 550 train_cost==:> 1.5162768664680246 CER: 0.4121395926002219 BPE_CER 0.4121395926002219
tr ep:==:> 3 sampl no:==:> 600 train_cost==:> 1.516050052722163 CER: 0.4126083369609245 BPE_CER 0.4126083369609245
tr ep:==:> 3 sampl no:==:> 650 train_cost==:> 1.5148462395880447 CER: 0.4127660537421895 BPE_CER 0.4127660537421895
tr ep:==:> 3 sampl no:==:> 700 train_cost==:> 1.5142320630893897 CER: 0.41309194278715927 BPE_CER 0.41309194278715927
tr ep:==:> 3 sampl no:==:> 750 train_cost==:> 1.5129359643087883 CER: 0.41316332534705175 BPE_CER 0.41316332534705175
tr ep:==:> 3 sampl no:==:> 800 train_cost==:> 1.5125887429669556 CER: 0.41346703312977295 BPE_CER 0.41346703312977295
tr ep:==:> 3 sampl no:==:> 850 train_cost==:> 1.5114627512025216 CER: 0.41347069731335373 BPE_CER 0.41347069731335373
tr ep:==:> 3 sampl no:==:> 900 train_cost==:> 1.5104970069360257 CER: 0.4135635865542014 BPE_CER 0.4135635865542014
tr ep:==:> 3 sampl no:==:> 950 train_cost==:> 1.509470223126978 CER: 0.4136345389659315 BPE_CER 0.4136345389659315
val epoch:==:> 3 val smp no:==:> 0 val_cost:==:> 2.9710357189178467 CER: 0.40643365295391276 BPE_CER 0.40643365295391276
val epoch:==:> 3 val smp no:==:> 10 val_cost:==:> 3.185475371100686 CER: 0.46008667808974035 BPE_CER 0.46008667808974035
val epoch:==:> 3 val smp no:==:> 20 val_cost:==:> 3.1956809361775718 CER: 0.4612123103405157 BPE_CER 0.4612123103405157
val epoch:==:> 3 val smp no:==:> 30 val_cost:==:> 3.1895823017243417 CER: 0.460156988752495 BPE_CER 0.460156988752495
val_history: [70.35634078 57.97312679 61.39538493 45.92044376]
model_epoch_3_sample_999_1.5083379583358765___3.1828559286454143__0.459204437575893
tr ep:==:> 4 sampl no:==:> 0 train_cost==:> 1.4863330125808716 CER: 0.4022627278441232 BPE_CER 0.4022627278441232
tr ep:==:> 4 sampl no:==:> 50 train_cost==:> 1.48691351740968 CER: 0.4130647735337006 BPE_CER 0.4130647735337006
tr ep:==:> 4 sampl no:==:> 100 train_cost==:> 1.4844499732008074 CER: 0.41345465842235296 BPE_CER 0.41345465842235296
tr ep:==:> 4 sampl no:==:> 150 train_cost==:> 1.4823928866165363 CER: 0.4124691353766285 BPE_CER 0.4124691353766285
tr ep:==:> 4 sampl no:==:> 200 train_cost==:> 1.479931870503212 CER: 0.4120424060166155 BPE_CER 0.4120424060166155
tr ep:==:> 4 sampl no:==:> 250 train_cost==:> 1.4813323643103065 CER: 0.41306987532378775 BPE_CER 0.41306987532378775
tr ep:==:> 4 sampl no:==:> 300 train_cost==:> 1.4805039135720643 CER: 0.41312615516281137 BPE_CER 0.41312615516281137
tr ep:==:> 4 sampl no:==:> 350 train_cost==:> 1.480805738359435 CER: 0.41338779150117694 BPE_CER 0.41338779150117694
tr ep:==:> 4 sampl no:==:> 400 train_cost==:> 1.4803404308613994 CER: 0.4134459559165572 BPE_CER 0.4134459559165572
tr ep:==:> 4 sampl no:==:> 450 train_cost==:> 1.4805963449097526 CER: 0.4138985854953383 BPE_CER 0.4138985854953383
tr ep:==:> 4 sampl no:==:> 500 train_cost==:> 1.4801280082104924 CER: 0.4140763211124214 BPE_CER 0.4140763211124214
tr ep:==:> 4 sampl no:==:> 550 train_cost==:> 1.4794536450380855 CER: 0.4141215885698938 BPE_CER 0.4141215885698938
tr ep:==:> 4 sampl no:==:> 600 train_cost==:> 1.4788227793380941 CER: 0.41412544180324146 BPE_CER 0.41412544180324146
tr ep:==:> 4 sampl no:==:> 650 train_cost==:> 1.4775752006771012 CER: 0.413830767200348 BPE_CER 0.413830767200348
tr ep:==:> 4 sampl no:==:> 700 train_cost==:> 1.4761171638540467 CER: 0.41341711186382757 BPE_CER 0.41341711186382757
tr ep:==:> 4 sampl no:==:> 750 train_cost==:> 1.475247456770286 CER: 0.4131890693106275 BPE_CER 0.4131890693106275
tr ep:==:> 4 sampl no:==:> 800 train_cost==:> 1.4752844177679474 CER: 0.41334777999933375 BPE_CER 0.41334777999933375
tr ep:==:> 4 sampl no:==:> 850 train_cost==:> 1.4741009601274753 CER: 0.41307318321640607 BPE_CER 0.41307318321640607
tr ep:==:> 4 sampl no:==:> 900 train_cost==:> 1.4727606609314845 CER: 0.41267340783733986 BPE_CER 0.41267340783733986
tr ep:==:> 4 sampl no:==:> 950 train_cost==:> 1.4720392650860967 CER: 0.412553711011019 BPE_CER 0.412553711011019
val epoch:==:> 4 val smp no:==:> 0 val_cost:==:> 2.6272644996643066 CER: 0.3383854005567585 BPE_CER 0.3383854005567585
val epoch:==:> 4 val smp no:==:> 10 val_cost:==:> 2.8318453918803823 CER: 0.38563240256137415 BPE_CER 0.38563240256137415
val epoch:==:> 4 val smp no:==:> 20 val_cost:==:> 2.85426918665568 CER: 0.38989218832292105 BPE_CER 0.38989218832292105
val epoch:==:> 4 val smp no:==:> 30 val_cost:==:> 2.8465859736165693 CER: 0.38903756675562595 BPE_CER 0.38903756675562595
val_history: [70.35634078 57.97312679 61.39538493 45.92044376 38.82532763]
model_epoch_4_sample_999_1.471281267642975___2.8413998589796177__0.3882532763077274
tr ep:==:> 5 sampl no:==:> 0 train_cost==:> 1.5201706886291504 CER: 0.4388535031847134 BPE_CER 0.4388535031847134
tr ep:==:> 5 sampl no:==:> 50 train_cost==:> 1.4620848613626816 CER: 0.41263850637568494 BPE_CER 0.41263850637568494
tr ep:==:> 5 sampl no:==:> 100 train_cost==:> 1.4589841153362009 CER: 0.41038165479214406 BPE_CER 0.41038165479214406
tr ep:==:> 5 sampl no:==:> 150 train_cost==:> 1.4585545268279827 CER: 0.41001723157578096 BPE_CER 0.41001723157578096
tr ep:==:> 5 sampl no:==:> 200 train_cost==:> 1.4581682148264414 CER: 0.4103311449484476 BPE_CER 0.4103311449484476
tr ep:==:> 5 sampl no:==:> 250 train_cost==:> 1.457447823775242 CER: 0.41027751753912667 BPE_CER 0.41027751753912667
tr ep:==:> 5 sampl no:==:> 300 train_cost==:> 1.4580453404556477 CER: 0.4106133416730847 BPE_CER 0.4106133416730847
tr ep:==:> 5 sampl no:==:> 350 train_cost==:> 1.4566132611358946 CER: 0.4105364408397307 BPE_CER 0.4105364408397307
tr ep:==:> 5 sampl no:==:> 400 train_cost==:> 1.456112205239008 CER: 0.41059840567354944 BPE_CER 0.41059840567354944
tr ep:==:> 5 sampl no:==:> 450 train_cost==:> 1.456924481825395 CER: 0.41108959091134684 BPE_CER 0.41108959091134684
tr ep:==:> 5 sampl no:==:> 500 train_cost==:> 1.4568727190147142 CER: 0.4113352319222434 BPE_CER 0.4113352319222434
tr ep:==:> 5 sampl no:==:> 550 train_cost==:> 1.4581469271446963 CER: 0.4121293695764251 BPE_CER 0.4121293695764251
tr ep:==:> 5 sampl no:==:> 600 train_cost==:> 1.458492522231751 CER: 0.41258691111980406 BPE_CER 0.41258691111980406
key,Src_tokens, self.max_feat_len, Tgt_tokens, self.max_label_len dOMOEYgEt7g_5 145 300 366 300
tr ep:==:> 5 sampl no:==:> 650 train_cost==:> 1.4613117572898688 CER: 0.41387143662984544 BPE_CER 0.41387143662984544
tr ep:==:> 5 sampl no:==:> 700 train_cost==:> 1.4630295601108785 CER: 0.41489644079643695 BPE_CER 0.41489644079643695
key,Src_tokens, self.max_feat_len, Tgt_tokens, self.max_label_len 0rqurUFgdJo_1 258 300 314 300
key,Src_tokens, self.max_feat_len, Tgt_tokens, self.max_label_len 62POU3g8yyg_3 272 300 302 300
key,Src_tokens, self.max_feat_len, Tgt_tokens, self.max_label_len -bLfarX5JXU_12 285 300 304 300
key,Src_tokens, self.max_feat_len, Tgt_tokens, self.max_label_len DhizhItKBOU_3 291 300 321 300
key,Src_tokens, self.max_feat_len, Tgt_tokens, self.max_label_len ehqk9k4eL_k_4 286 300 331 300
key,Src_tokens, self.max_feat_len, Tgt_tokens, self.max_label_len 493J3T7KlW8_2 265 300 313 300
key,Src_tokens, self.max_feat_len, Tgt_tokens, self.max_label_len cLMiUo-Rx5k_0 286 300 325 300
key,Src_tokens, self.max_feat_len, Tgt_tokens, self.max_label_len 2wJL2WGTUno_1 266 300 305 300
key,Src_tokens, self.max_feat_len, Tgt_tokens, self.max_label_len bioDgTVFqvE_2 294 300 348 300
key,Src_tokens, self.max_feat_len, Tgt_tokens, self.max_label_len CtkU61WviAk_7 275 300 303 300
key,Src_tokens, self.max_feat_len, Tgt_tokens, self.max_label_len eIh4MthHNxU_0 292 300 306 300
key,Src_tokens, self.max_feat_len, Tgt_tokens, self.max_label_len 41r65XHWjhc_1 289 300 318 300
key,Src_tokens, self.max_feat_len, Tgt_tokens, self.max_label_len 3KRbbl1MBDo_3 276 300 306 300
key,Src_tokens, self.max_feat_len, Tgt_tokens, self.max_label_len cRRD3k2ZGSc_5 288 300 320 300
key,Src_tokens, self.max_feat_len, Tgt_tokens, self.max_label_len 5TbywxVnACs_0 282 300 312 300
key,Src_tokens, self.max_feat_len, Tgt_tokens, self.max_label_len DKMswFUYUzM_1 287 300 325 300
key,Src_tokens, self.max_feat_len, Tgt_tokens, self.max_label_len 5GfDo4PyVYg_2 289 300 328 300
key,Src_tokens, self.max_feat_len, Tgt_tokens, self.max_label_len cVe-33JxCEo_15 315 300 305 300
key,Src_tokens, self.max_feat_len, Tgt_tokens, self.max_label_len b49QTkRCMAc_3 295 300 347 300
key,Src_tokens, self.max_feat_len, Tgt_tokens, self.max_label_len EHCVQO9kl3g_3 287 300 312 300
key,Src_tokens, self.max_feat_len, Tgt_tokens, self.max_label_len 4GvtfgDld6Q_4_5 324 300 317 300
key,Src_tokens, self.max_feat_len, Tgt_tokens, self.max_label_len EPktlec9eh4_13 295 300 342 300
key,Src_tokens, self.max_feat_len, Tgt_tokens, self.max_label_len 5E44aRUBuMM_7 296 300 329 300
key,Src_tokens, self.max_feat_len, Tgt_tokens, self.max_label_len bZZDcMTvOqU_2_3 303 300 337 300
key,Src_tokens, self.max_feat_len, Tgt_tokens, self.max_label_len Dd6MJFdK1dY_1 311 300 368 300
key,Src_tokens, self.max_feat_len, Tgt_tokens, self.max_label_len f6-nMrpbE9Q_4 377 300 385 300
key,Src_tokens, self.max_feat_len, Tgt_tokens, self.max_label_len cLiJmcEJGS0_2 342 300 377 300
key,Src_tokens, self.max_feat_len, Tgt_tokens, self.max_label_len bda9rprlDv0_2 313 300 361 300
key,Src_tokens, self.max_feat_len, Tgt_tokens, self.max_label_len 2uhBUuso_IA_4 311 300 394 300
key,Src_tokens, self.max_feat_len, Tgt_tokens, self.max_label_len dIjBq65VjJo_1 308 300 342 300
key,Src_tokens, self.max_feat_len, Tgt_tokens, self.max_label_len 5RDfL2DxEZw_0 311 300 341 300
key,Src_tokens, self.max_feat_len, Tgt_tokens, self.max_label_len dmFkCpuTDBo_9 327 300 352 300
key,Src_tokens, self.max_feat_len, Tgt_tokens, self.max_label_len FOlklF3YXhQ_3 325 300 331 300
key,Src_tokens, self.max_feat_len, Tgt_tokens, self.max_label_len Dd6MJFdK1dY_0 333 300 310 300
key,Src_tokens, self.max_feat_len, Tgt_tokens, self.max_label_len b_-fYgraVBk_4 343 300 371 300
key,Src_tokens, self.max_feat_len, Tgt_tokens, self.max_label_len 3L9jlQBbzzc_4 338 300 368 300
key,Src_tokens, self.max_feat_len, Tgt_tokens, self.max_label_len brjclAlla1E_5 356 300 348 300
key,Src_tokens, self.max_feat_len, Tgt_tokens, self.max_label_len 3Xx5z3qalz4_6 402 300 426 300
key,Src_tokens, self.max_feat_len, Tgt_tokens, self.max_label_len DRtvN6VLw5s_3 366 300 381 300
key,Src_tokens, self.max_feat_len, Tgt_tokens, self.max_label_len drYvhqW80zw_2 339 300 381 300
key,Src_tokens, self.max_feat_len, Tgt_tokens, self.max_label_len EauGmYmH6rc_9 362 300 384 300
key,Src_tokens, self.max_feat_len, Tgt_tokens, self.max_label_len CbnpkqlOWI0_5 349 300 381 300
key,Src_tokens, self.max_feat_len, Tgt_tokens, self.max_label_len c14_dqkC85k_5 364 300 362 300
key,Src_tokens, self.max_feat_len, Tgt_tokens, self.max_label_len 4KQ9XIZGabs_4 392 300 77 300
key,Src_tokens, self.max_feat_len, Tgt_tokens, self.max_label_len EHCVQO9kl3g_0 342 300 413 300
key,Src_tokens, self.max_feat_len, Tgt_tokens, self.max_label_len arbGwOyEaXY_3 357 300 387 300
key,Src_tokens, self.max_feat_len, Tgt_tokens, self.max_label_len acAk-7STHO4_2 361 300 392 300
key,Src_tokens, self.max_feat_len, Tgt_tokens, self.max_label_len ay7aiF-EwDQ_1 353 300 381 300
key,Src_tokens, self.max_feat_len, Tgt_tokens, self.max_label_len FUb0zNNDx-4_8 380 300 411 300
key,Src_tokens, self.max_feat_len, Tgt_tokens, self.max_label_len 3mtlKeNUM7M_4 374 300 405 300
key,Src_tokens, self.max_feat_len, Tgt_tokens, self.max_label_len cD_1TCqqgs4_5 379 300 443 300
key,Src_tokens, self.max_feat_len, Tgt_tokens, self.max_label_len _fJ6klMBtCM_1 383 300 404 300
key,Src_tokens, self.max_feat_len, Tgt_tokens, self.max_label_len f3ajmKO6gRQ_0_1 381 300 433 300
key,Src_tokens, self.max_feat_len, Tgt_tokens, self.max_label_len 5EyHJvHVIkQ_11 383 300 459 300
key,Src_tokens, self.max_feat_len, Tgt_tokens, self.max_label_len aWYmihAt2ks_4 414 300 425 300
key,Src_tokens, self.max_feat_len, Tgt_tokens, self.max_label_len 05svBr3FJD4_1 451 300 499 300
key,Src_tokens, self.max_feat_len, Tgt_tokens, self.max_label_len CUnZgauCwa8_2 430 300 373 300
key,Src_tokens, self.max_feat_len, Tgt_tokens, self.max_label_len 3tYl5172Qas_0 415 300 440 300
key,Src_tokens, self.max_feat_len, Tgt_tokens, self.max_label_len dztE9rGCozs_1 475 300 388 300
key,Src_tokens, self.max_feat_len, Tgt_tokens, self.max_label_len 6-3W9CZHKKs_1 475 300 212 300
tr ep:==:> 5 sampl no:==:> 750 train_cost==:> 1.4657372520385823 CER: 0.416272526542169 BPE_CER 0.416272526542169
tr ep:==:> 5 sampl no:==:> 800 train_cost==:> 1.4703541116023926 CER: 0.418573653689005 BPE_CER 0.418573653689005
tr ep:==:> 5 sampl no:==:> 850 train_cost==:> 1.4768408651777776 CER: 0.4216811359672693 BPE_CER 0.4216811359672693
tr ep:==:> 5 sampl no:==:> 900 train_cost==:> 1.467227530598508 CER: 0.4159332393484826 BPE_CER 0.4159332393484826
tr ep:==:> 5 sampl no:==:> 950 train_cost==:> 1.460178714884067 CER: 0.4119306561410828 BPE_CER 0.4119306561410828
val epoch:==:> 5 val smp no:==:> 0 val_cost:==:> 2.9640071392059326 CER: 0.4268481286730591 BPE_CER 0.4268481286730591
val epoch:==:> 5 val smp no:==:> 10 val_cost:==:> 3.170758290724321 CER: 0.4638453575858788 BPE_CER 0.4638453575858788
val epoch:==:> 5 val smp no:==:> 20 val_cost:==:> 3.1795474688212075 CER: 0.46296228724454574 BPE_CER 0.46296228724454574
val epoch:==:> 5 val smp no:==:> 30 val_cost:==:> 3.1699408561952653 CER: 0.4622940603456509 BPE_CER 0.4622940603456509
val_history: [70.35634078 57.97312679 61.39538493 45.92044376 38.82532763 46.16800143]
model_epoch_5_sample_999_1.4507839422821998___3.164869652074926__0.46168001429667366
tr ep:==:> 6 sampl no:==:> 0 train_cost==:> 1.2324116230010986 CER: 0.28833107191316143 BPE_CER 0.28833107191316143
tr ep:==:> 6 sampl no:==:> 50 train_cost==:> 1.2246740238339293 CER: 0.29364409853040585 BPE_CER 0.29364409853040585
tr ep:==:> 6 sampl no:==:> 100 train_cost==:> 1.2239852600758618 CER: 0.2940567520254469 BPE_CER 0.2940567520254469
tr ep:==:> 6 sampl no:==:> 150 train_cost==:> 1.2237240178695579 CER: 0.294300063079901 BPE_CER 0.294300063079901
tr ep:==:> 6 sampl no:==:> 200 train_cost==:> 1.2229432288687028 CER: 0.2941490468221528 BPE_CER 0.2941490468221528
tr ep:==:> 6 sampl no:==:> 250 train_cost==:> 1.221250739705515 CER: 0.2942171727781373 BPE_CER 0.2942171727781373
tr ep:==:> 6 sampl no:==:> 300 train_cost==:> 1.2213966767257234 CER: 0.2944618300548334 BPE_CER 0.2944618300548334
tr ep:==:> 6 sampl no:==:> 350 train_cost==:> 1.2207261585442089 CER: 0.2946163218131487 BPE_CER 0.2946163218131487
tr ep:==:> 6 sampl no:==:> 400 train_cost==:> 1.221913569288658 CER: 0.2953958468402036 BPE_CER 0.2953958468402036
tr ep:==:> 6 sampl no:==:> 450 train_cost==:> 1.2229320202064091 CER: 0.29625561289731717 BPE_CER 0.29625561289731717
tr ep:==:> 6 sampl no:==:> 500 train_cost==:> 1.2237108474720024 CER: 0.2968287890226593 BPE_CER 0.2968287890226593
tr ep:==:> 6 sampl no:==:> 550 train_cost==:> 1.2245390852220261 CER: 0.2975706886821783 BPE_CER 0.2975706886821783
tr ep:==:> 6 sampl no:==:> 600 train_cost==:> 1.2251606380284923 CER: 0.29825645562643016 BPE_CER 0.29825645562643016
tr ep:==:> 6 sampl no:==:> 650 train_cost==:> 1.2256647712807136 CER: 0.2989041722726401 BPE_CER 0.2989041722726401
tr ep:==:> 6 sampl no:==:> 700 train_cost==:> 1.2266417423770704 CER: 0.2996012369763346 BPE_CER 0.2996012369763346
tr ep:==:> 6 sampl no:==:> 750 train_cost==:> 1.2267367455676774 CER: 0.3000433277879203 BPE_CER 0.3000433277879203
tr ep:==:> 6 sampl no:==:> 800 train_cost==:> 1.2270723259850833 CER: 0.30050091176808463 BPE_CER 0.30050091176808463
tr ep:==:> 6 sampl no:==:> 850 train_cost==:> 1.227235478323859 CER: 0.30090214502693324 BPE_CER 0.30090214502693324
tr ep:==:> 6 sampl no:==:> 900 train_cost==:> 1.2277500576501945 CER: 0.3013963751909147 BPE_CER 0.3013963751909147
tr ep:==:> 6 sampl no:==:> 950 train_cost==:> 1.228040843606622 CER: 0.3018731599181857 BPE_CER 0.3018731599181857
val epoch:==:> 6 val smp no:==:> 0 val_cost:==:> 2.4607036113739014 CER: 0.30126817197649247 BPE_CER 0.30126817197649247
val epoch:==:> 6 val smp no:==:> 10 val_cost:==:> 2.6945064718073066 CER: 0.3560502227530237 BPE_CER 0.3560502227530237
val epoch:==:> 6 val smp no:==:> 20 val_cost:==:> 2.713787169683547 CER: 0.35906054235304125 BPE_CER 0.35906054235304125
val epoch:==:> 6 val smp no:==:> 30 val_cost:==:> 2.701543192709646 CER: 0.3557864099316292 BPE_CER 0.3557864099316292
val_history: [70.35634078 57.97312679 61.39538493 45.92044376 38.82532763 46.16800143
 35.51369116]
model_epoch_6_sample_999_1.2281395972967148___2.697065556750578__0.3551369116020975
tr ep:==:> 7 sampl no:==:> 0 train_cost==:> 1.2470120191574097 CER: 0.31851614966421493 BPE_CER 0.31851614966421493
tr ep:==:> 7 sampl no:==:> 50 train_cost==:> 1.2305175206240486 CER: 0.3086012465114407 BPE_CER 0.3086012465114407
tr ep:==:> 7 sampl no:==:> 100 train_cost==:> 1.2292873741376518 CER: 0.30878545225746235 BPE_CER 0.30878545225746235
tr ep:==:> 7 sampl no:==:> 150 train_cost==:> 1.23115739838177 CER: 0.3095820836932317 BPE_CER 0.3095820836932317
tr ep:==:> 7 sampl no:==:> 200 train_cost==:> 1.2312863608497886 CER: 0.30989690575835777 BPE_CER 0.30989690575835777
tr ep:==:> 7 sampl no:==:> 250 train_cost==:> 1.233299814847361 CER: 0.31081188343922517 BPE_CER 0.31081188343922517
tr ep:==:> 7 sampl no:==:> 300 train_cost==:> 1.2339368218995408 CER: 0.31125945122407117 BPE_CER 0.31125945122407117
tr ep:==:> 7 sampl no:==:> 350 train_cost==:> 1.2351652519655363 CER: 0.31209287150730136 BPE_CER 0.31209287150730136
tr ep:==:> 7 sampl no:==:> 400 train_cost==:> 1.2358641431218669 CER: 0.3125660265751698 BPE_CER 0.3125660265751698
tr ep:==:> 7 sampl no:==:> 450 train_cost==:> 1.2360692238331898 CER: 0.31271910937111863 BPE_CER 0.31271910937111863
tr ep:==:> 7 sampl no:==:> 500 train_cost==:> 1.2367682954270445 CER: 0.31313120032178254 BPE_CER 0.31313120032178254
tr ep:==:> 7 sampl no:==:> 550 train_cost==:> 1.2373200789121015 CER: 0.3134343678430882 BPE_CER 0.3134343678430882
tr ep:==:> 7 sampl no:==:> 600 train_cost==:> 1.236915549502 CER: 0.3133547922606714 BPE_CER 0.3133547922606714
tr ep:==:> 7 sampl no:==:> 650 train_cost==:> 1.2370267747550883 CER: 0.31341416714672854 BPE_CER 0.31341416714672854
tr ep:==:> 7 sampl no:==:> 700 train_cost==:> 1.237223225211281 CER: 0.3135199338825445 BPE_CER 0.3135199338825445
tr ep:==:> 7 sampl no:==:> 750 train_cost==:> 1.2372129488880244 CER: 0.31363849486809453 BPE_CER 0.31363849486809453
tr ep:==:> 7 sampl no:==:> 800 train_cost==:> 1.2369875059592144 CER: 0.3136579122878691 BPE_CER 0.3136579122878691
tr ep:==:> 7 sampl no:==:> 850 train_cost==:> 1.2373826481340635 CER: 0.31396193634667874 BPE_CER 0.31396193634667874
tr ep:==:> 7 sampl no:==:> 900 train_cost==:> 1.2374186705008199 CER: 0.314112155332114 BPE_CER 0.314112155332114
tr ep:==:> 7 sampl no:==:> 950 train_cost==:> 1.2375624137220573 CER: 0.31431787774844683 BPE_CER 0.31431787774844683
val epoch:==:> 7 val smp no:==:> 0 val_cost:==:> 2.2438437938690186 CER: 0.2523971543458089 BPE_CER 0.2523971543458089
val epoch:==:> 7 val smp no:==:> 10 val_cost:==:> 2.440259326588024 CER: 0.3017817760589788 BPE_CER 0.3017817760589788
val epoch:==:> 7 val smp no:==:> 20 val_cost:==:> 2.4646838278997514 CER: 0.3054142101195966 BPE_CER 0.3054142101195966
val epoch:==:> 7 val smp no:==:> 30 val_cost:==:> 2.4583757462040072 CER: 0.30488349587551455 BPE_CER 0.30488349587551455
val_history: [70.35634078 57.97312679 61.39538493 45.92044376 38.82532763 46.16800143
 35.51369116 30.39199064]
model_epoch_7_sample_999_1.2376611318588258___2.4540049258400414__0.3039199063959496
tr ep:==:> 8 sampl no:==:> 0 train_cost==:> 1.2240936756134033 CER: 0.3107606679035251 BPE_CER 0.3107606679035251
tr ep:==:> 8 sampl no:==:> 50 train_cost==:> 1.245652007121666 CER: 0.3202063976059174 BPE_CER 0.3202063976059174
tr ep:==:> 8 sampl no:==:> 100 train_cost==:> 1.2471721042500865 CER: 0.3212107332199701 BPE_CER 0.3212107332199701
tr ep:==:> 8 sampl no:==:> 150 train_cost==:> 1.2467029947318777 CER: 0.32061267394581444 BPE_CER 0.32061267394581444
tr ep:==:> 8 sampl no:==:> 200 train_cost==:> 1.2490072208850538 CER: 0.32192552880315534 BPE_CER 0.32192552880315534
tr ep:==:> 8 sampl no:==:> 250 train_cost==:> 1.248969638490107 CER: 0.32195335715948875 BPE_CER 0.32195335715948875
tr ep:==:> 8 sampl no:==:> 300 train_cost==:> 1.2489647136574171 CER: 0.322139740915566 BPE_CER 0.322139740915566
tr ep:==:> 8 sampl no:==:> 350 train_cost==:> 1.249458170344687 CER: 0.3223779966290995 BPE_CER 0.3223779966290995
tr ep:==:> 8 sampl no:==:> 400 train_cost==:> 1.2508802880670067 CER: 0.32314175359954406 BPE_CER 0.32314175359954406
tr ep:==:> 8 sampl no:==:> 450 train_cost==:> 1.2518608926933779 CER: 0.32357927155778843 BPE_CER 0.32357927155778843
tr ep:==:> 8 sampl no:==:> 500 train_cost==:> 1.2537858262509405 CER: 0.324491470969085 BPE_CER 0.324491470969085
key,Src_tokens, self.max_feat_len, Tgt_tokens, self.max_label_len dOMOEYgEt7g_5 145 300 366 300
tr ep:==:> 8 sampl no:==:> 550 train_cost==:> 1.2564837028240334 CER: 0.3257747854506127 BPE_CER 0.3257747854506127
tr ep:==:> 8 sampl no:==:> 600 train_cost==:> 1.2598187007047175 CER: 0.32738574866576176 BPE_CER 0.32738574866576176
tr ep:==:> 8 sampl no:==:> 650 train_cost==:> 1.262817131941952 CER: 0.3288257170394703 BPE_CER 0.3288257170394703
key,Src_tokens, self.max_feat_len, Tgt_tokens, self.max_label_len 0rqurUFgdJo_1 258 300 314 300
key,Src_tokens, self.max_feat_len, Tgt_tokens, self.max_label_len 62POU3g8yyg_3 272 300 302 300
key,Src_tokens, self.max_feat_len, Tgt_tokens, self.max_label_len -bLfarX5JXU_12 285 300 304 300
key,Src_tokens, self.max_feat_len, Tgt_tokens, self.max_label_len DhizhItKBOU_3 291 300 321 300
key,Src_tokens, self.max_feat_len, Tgt_tokens, self.max_label_len ehqk9k4eL_k_4 286 300 331 300
key,Src_tokens, self.max_feat_len, Tgt_tokens, self.max_label_len 493J3T7KlW8_2 265 300 313 300
key,Src_tokens, self.max_feat_len, Tgt_tokens, self.max_label_len cLMiUo-Rx5k_0 286 300 325 300
key,Src_tokens, self.max_feat_len, Tgt_tokens, self.max_label_len 2wJL2WGTUno_1 266 300 305 300
key,Src_tokens, self.max_feat_len, Tgt_tokens, self.max_label_len bioDgTVFqvE_2 294 300 348 300
key,Src_tokens, self.max_feat_len, Tgt_tokens, self.max_label_len CtkU61WviAk_7 275 300 303 300
key,Src_tokens, self.max_feat_len, Tgt_tokens, self.max_label_len eIh4MthHNxU_0 292 300 306 300
key,Src_tokens, self.max_feat_len, Tgt_tokens, self.max_label_len 41r65XHWjhc_1 289 300 318 300
key,Src_tokens, self.max_feat_len, Tgt_tokens, self.max_label_len 3KRbbl1MBDo_3 276 300 306 300
key,Src_tokens, self.max_feat_len, Tgt_tokens, self.max_label_len cRRD3k2ZGSc_5 288 300 320 300
key,Src_tokens, self.max_feat_len, Tgt_tokens, self.max_label_len 5TbywxVnACs_0 282 300 312 300
key,Src_tokens, self.max_feat_len, Tgt_tokens, self.max_label_len DKMswFUYUzM_1 287 300 325 300
key,Src_tokens, self.max_feat_len, Tgt_tokens, self.max_label_len 5GfDo4PyVYg_2 289 300 328 300
key,Src_tokens, self.max_feat_len, Tgt_tokens, self.max_label_len cVe-33JxCEo_15 315 300 305 300
key,Src_tokens, self.max_feat_len, Tgt_tokens, self.max_label_len b49QTkRCMAc_3 295 300 347 300
key,Src_tokens, self.max_feat_len, Tgt_tokens, self.max_label_len EHCVQO9kl3g_3 287 300 312 300
key,Src_tokens, self.max_feat_len, Tgt_tokens, self.max_label_len 4GvtfgDld6Q_4_5 324 300 317 300
key,Src_tokens, self.max_feat_len, Tgt_tokens, self.max_label_len EPktlec9eh4_13 295 300 342 300
key,Src_tokens, self.max_feat_len, Tgt_tokens, self.max_label_len 5E44aRUBuMM_7 296 300 329 300
key,Src_tokens, self.max_feat_len, Tgt_tokens, self.max_label_len bZZDcMTvOqU_2_3 303 300 337 300
key,Src_tokens, self.max_feat_len, Tgt_tokens, self.max_label_len Dd6MJFdK1dY_1 311 300 368 300
key,Src_tokens, self.max_feat_len, Tgt_tokens, self.max_label_len f6-nMrpbE9Q_4 377 300 385 300
key,Src_tokens, self.max_feat_len, Tgt_tokens, self.max_label_len cLiJmcEJGS0_2 342 300 377 300
key,Src_tokens, self.max_feat_len, Tgt_tokens, self.max_label_len bda9rprlDv0_2 313 300 361 300
key,Src_tokens, self.max_feat_len, Tgt_tokens, self.max_label_len 2uhBUuso_IA_4 311 300 394 300
key,Src_tokens, self.max_feat_len, Tgt_tokens, self.max_label_len dIjBq65VjJo_1 308 300 342 300
key,Src_tokens, self.max_feat_len, Tgt_tokens, self.max_label_len 5RDfL2DxEZw_0 311 300 341 300
key,Src_tokens, self.max_feat_len, Tgt_tokens, self.max_label_len dmFkCpuTDBo_9 327 300 352 300
key,Src_tokens, self.max_feat_len, Tgt_tokens, self.max_label_len FOlklF3YXhQ_3 325 300 331 300
key,Src_tokens, self.max_feat_len, Tgt_tokens, self.max_label_len Dd6MJFdK1dY_0 333 300 310 300
key,Src_tokens, self.max_feat_len, Tgt_tokens, self.max_label_len b_-fYgraVBk_4 343 300 371 300
key,Src_tokens, self.max_feat_len, Tgt_tokens, self.max_label_len 3L9jlQBbzzc_4 338 300 368 300
key,Src_tokens, self.max_feat_len, Tgt_tokens, self.max_label_len brjclAlla1E_5 356 300 348 300
key,Src_tokens, self.max_feat_len, Tgt_tokens, self.max_label_len 3Xx5z3qalz4_6 402 300 426 300
key,Src_tokens, self.max_feat_len, Tgt_tokens, self.max_label_len DRtvN6VLw5s_3 366 300 381 300
key,Src_tokens, self.max_feat_len, Tgt_tokens, self.max_label_len drYvhqW80zw_2 339 300 381 300
key,Src_tokens, self.max_feat_len, Tgt_tokens, self.max_label_len EauGmYmH6rc_9 362 300 384 300
key,Src_tokens, self.max_feat_len, Tgt_tokens, self.max_label_len CbnpkqlOWI0_5 349 300 381 300
key,Src_tokens, self.max_feat_len, Tgt_tokens, self.max_label_len c14_dqkC85k_5 364 300 362 300
key,Src_tokens, self.max_feat_len, Tgt_tokens, self.max_label_len 4KQ9XIZGabs_4 392 300 77 300
key,Src_tokens, self.max_feat_len, Tgt_tokens, self.max_label_len EHCVQO9kl3g_0 342 300 413 300
key,Src_tokens, self.max_feat_len, Tgt_tokens, self.max_label_len arbGwOyEaXY_3 357 300 387 300
key,Src_tokens, self.max_feat_len, Tgt_tokens, self.max_label_len acAk-7STHO4_2 361 300 392 300
key,Src_tokens, self.max_feat_len, Tgt_tokens, self.max_label_len ay7aiF-EwDQ_1 353 300 381 300
key,Src_tokens, self.max_feat_len, Tgt_tokens, self.max_label_len FUb0zNNDx-4_8 380 300 411 300
key,Src_tokens, self.max_feat_len, Tgt_tokens, self.max_label_len 3mtlKeNUM7M_4 374 300 405 300
key,Src_tokens, self.max_feat_len, Tgt_tokens, self.max_label_len cD_1TCqqgs4_5 379 300 443 300
key,Src_tokens, self.max_feat_len, Tgt_tokens, self.max_label_len _fJ6klMBtCM_1 383 300 404 300
key,Src_tokens, self.max_feat_len, Tgt_tokens, self.max_label_len f3ajmKO6gRQ_0_1 381 300 433 300
key,Src_tokens, self.max_feat_len, Tgt_tokens, self.max_label_len 5EyHJvHVIkQ_11 383 300 459 300
key,Src_tokens, self.max_feat_len, Tgt_tokens, self.max_label_len aWYmihAt2ks_4 414 300 425 300
key,Src_tokens, self.max_feat_len, Tgt_tokens, self.max_label_len 05svBr3FJD4_1 451 300 499 300
key,Src_tokens, self.max_feat_len, Tgt_tokens, self.max_label_len CUnZgauCwa8_2 430 300 373 300
key,Src_tokens, self.max_feat_len, Tgt_tokens, self.max_label_len 3tYl5172Qas_0 415 300 440 300
key,Src_tokens, self.max_feat_len, Tgt_tokens, self.max_label_len dztE9rGCozs_1 475 300 388 300
key,Src_tokens, self.max_feat_len, Tgt_tokens, self.max_label_len 6-3W9CZHKKs_1 475 300 212 300
tr ep:==:> 8 sampl no:==:> 700 train_cost==:> 1.267647939809889 CER: 0.33126000876149175 BPE_CER 0.33126000876149175
tr ep:==:> 8 sampl no:==:> 750 train_cost==:> 1.2756177882221187 CER: 0.33517928806462916 BPE_CER 0.33517928806462916
tr ep:==:> 8 sampl no:==:> 800 train_cost==:> 1.2759471371230413 CER: 0.3342257641711326 BPE_CER 0.3342257641711326
tr ep:==:> 8 sampl no:==:> 850 train_cost==:> 1.2739808912422905 CER: 0.3323888918575798 BPE_CER 0.3323888918575798
tr ep:==:> 8 sampl no:==:> 900 train_cost==:> 1.2683219376467705 CER: 0.32917344000316545 BPE_CER 0.32917344000316545
tr ep:==:> 8 sampl no:==:> 950 train_cost==:> 1.260120734682093 CER: 0.3249431076576886 BPE_CER 0.3249431076576886
val epoch:==:> 8 val smp no:==:> 0 val_cost:==:> 2.653374195098877 CER: 0.35230436127435816 BPE_CER 0.35230436127435816
val epoch:==:> 8 val smp no:==:> 10 val_cost:==:> 2.877629106695002 CER: 0.40030192798734826 BPE_CER 0.40030192798734826
val epoch:==:> 8 val smp no:==:> 20 val_cost:==:> 2.8865407762073336 CER: 0.40043031465513496 BPE_CER 0.40043031465513496
val epoch:==:> 8 val smp no:==:> 30 val_cost:==:> 2.8683425072700746 CER: 0.39827135890298315 BPE_CER 0.39827135890298315
val_history: [70.35634078 57.97312679 61.39538493 45.92044376 38.82532763 46.16800143
 35.51369116 30.39199064 39.75967812]
model_epoch_8_sample_999_1.2521442490816117___2.8633752009447884__0.3975967811876772
tr ep:==:> 9 sampl no:==:> 0 train_cost==:> 1.0796388387680054 CER: 0.2537058152793614 BPE_CER 0.2537058152793614
tr ep:==:> 9 sampl no:==:> 50 train_cost==:> 1.0947400027630376 CER: 0.2426138255412306 BPE_CER 0.2426138255412306
tr ep:==:> 9 sampl no:==:> 100 train_cost==:> 1.1005363865654068 CER: 0.2453262867112984 BPE_CER 0.2453262867112984
tr ep:==:> 9 sampl no:==:> 150 train_cost==:> 1.0969830080373397 CER: 0.24423956673107378 BPE_CER 0.24423956673107378
tr ep:==:> 9 sampl no:==:> 200 train_cost==:> 1.0959017419103365 CER: 0.2440791800156635 BPE_CER 0.2440791800156635
tr ep:==:> 9 sampl no:==:> 250 train_cost==:> 1.09588056921484 CER: 0.24412844570612094 BPE_CER 0.24412844570612094
tr ep:==:> 9 sampl no:==:> 300 train_cost==:> 1.097337582974735 CER: 0.24470195430094419 BPE_CER 0.24470195430094419
tr ep:==:> 9 sampl no:==:> 350 train_cost==:> 1.0975099336727392 CER: 0.24496857225004265 BPE_CER 0.24496857225004265
tr ep:==:> 9 sampl no:==:> 400 train_cost==:> 1.098603418045805 CER: 0.2456622455282972 BPE_CER 0.2456622455282972
tr ep:==:> 9 sampl no:==:> 450 train_cost==:> 1.0990228285546313 CER: 0.2460501954737792 BPE_CER 0.2460501954737792
tr ep:==:> 9 sampl no:==:> 500 train_cost==:> 1.0993435799242732 CER: 0.24649111156934084 BPE_CER 0.24649111156934084
tr ep:==:> 9 sampl no:==:> 550 train_cost==:> 1.10057948548651 CER: 0.2472943968329322 BPE_CER 0.2472943968329322
tr ep:==:> 9 sampl no:==:> 600 train_cost==:> 1.1008765007215808 CER: 0.24757563789948622 BPE_CER 0.24757563789948622
tr ep:==:> 9 sampl no:==:> 650 train_cost==:> 1.1016033560083391 CER: 0.2480249667902001 BPE_CER 0.2480249667902001
tr ep:==:> 9 sampl no:==:> 700 train_cost==:> 1.1019676146595692 CER: 0.2483814977687792 BPE_CER 0.2483814977687792
tr ep:==:> 9 sampl no:==:> 750 train_cost==:> 1.1019805833280643 CER: 0.2485868577605321 BPE_CER 0.2485868577605321
tr ep:==:> 9 sampl no:==:> 800 train_cost==:> 1.10265328047725 CER: 0.24899960441063673 BPE_CER 0.24899960441063673
tr ep:==:> 9 sampl no:==:> 850 train_cost==:> 1.1026802820828772 CER: 0.24922832600550585 BPE_CER 0.24922832600550585
tr ep:==:> 9 sampl no:==:> 900 train_cost==:> 1.103269346943177 CER: 0.24969603478214858 BPE_CER 0.24969603478214858
tr ep:==:> 9 sampl no:==:> 950 train_cost==:> 1.103390668594248 CER: 0.24994942981117907 BPE_CER 0.24994942981117907
val epoch:==:> 9 val smp no:==:> 0 val_cost:==:> 2.162527561187744 CER: 0.2344571605320136 BPE_CER 0.2344571605320136
val epoch:==:> 9 val smp no:==:> 10 val_cost:==:> 2.411746610294689 CER: 0.2976033268306439 BPE_CER 0.2976033268306439
val epoch:==:> 9 val smp no:==:> 20 val_cost:==:> 2.4357462383451915 CER: 0.3000088234835999 BPE_CER 0.3000088234835999
val epoch:==:> 9 val smp no:==:> 30 val_cost:==:> 2.417943646830897 CER: 0.2954875243450972 BPE_CER 0.2954875243450972
val_history: [70.35634078 57.97312679 61.39538493 45.92044376 38.82532763 46.16800143
 35.51369116 30.39199064 39.75967812 29.47686077]
model_epoch_9_sample_999_1.1038555693626404___2.4133728251737705__0.2947686077319436
tr ep:==:> 10 sampl no:==:> 0 train_cost==:> 1.070747971534729 CER: 0.23873873873873874 BPE_CER 0.23873873873873874
tr ep:==:> 10 sampl no:==:> 50 train_cost==:> 1.1053568989622826 CER: 0.2541102404529565 BPE_CER 0.2541102404529565
tr ep:==:> 10 sampl no:==:> 100 train_cost==:> 1.112045459227987 CER: 0.2573718756744662 BPE_CER 0.2573718756744662
tr ep:==:> 10 sampl no:==:> 150 train_cost==:> 1.1113696319377975 CER: 0.257052259311826 BPE_CER 0.257052259311826
tr ep:==:> 10 sampl no:==:> 200 train_cost==:> 1.114293263919318 CER: 0.2581873676332006 BPE_CER 0.2581873676332006
tr ep:==:> 10 sampl no:==:> 250 train_cost==:> 1.1139245261234116 CER: 0.2582431658966582 BPE_CER 0.2582431658966582
tr ep:==:> 10 sampl no:==:> 300 train_cost==:> 1.1151999654959999 CER: 0.2588275075353718 BPE_CER 0.2588275075353718
tr ep:==:> 10 sampl no:==:> 350 train_cost==:> 1.1150606853669864 CER: 0.2588076946918463 BPE_CER 0.2588076946918463
tr ep:==:> 10 sampl no:==:> 400 train_cost==:> 1.1152049527501227 CER: 0.2588061902251914 BPE_CER 0.2588061902251914
tr ep:==:> 10 sampl no:==:> 450 train_cost==:> 1.1156787857776735 CER: 0.25898753330306445 BPE_CER 0.25898753330306445
tr ep:==:> 10 sampl no:==:> 500 train_cost==:> 1.1164614032366555 CER: 0.25942547998172716 BPE_CER 0.25942547998172716
tr ep:==:> 10 sampl no:==:> 550 train_cost==:> 1.115959299670806 CER: 0.2593390507244711 BPE_CER 0.2593390507244711
tr ep:==:> 10 sampl no:==:> 600 train_cost==:> 1.1163235470379846 CER: 0.25957984388798827 BPE_CER 0.25957984388798827
tr ep:==:> 10 sampl no:==:> 650 train_cost==:> 1.1170280421018235 CER: 0.2598334391757698 BPE_CER 0.2598334391757698
tr ep:==:> 10 sampl no:==:> 700 train_cost==:> 1.116795127470041 CER: 0.25974537507654677 BPE_CER 0.25974537507654677
tr ep:==:> 10 sampl no:==:> 750 train_cost==:> 1.1160376160821013 CER: 0.25947818456262334 BPE_CER 0.25947818456262334
tr ep:==:> 10 sampl no:==:> 800 train_cost==:> 1.1165378063954365 CER: 0.2596847753591453 BPE_CER 0.2596847753591453
tr ep:==:> 10 sampl no:==:> 850 train_cost==:> 1.1163851378527148 CER: 0.25967424023249674 BPE_CER 0.25967424023249674
tr ep:==:> 10 sampl no:==:> 900 train_cost==:> 1.1164496175192304 CER: 0.2597882386724744 BPE_CER 0.2597882386724744
tr ep:==:> 10 sampl no:==:> 950 train_cost==:> 1.116569073543689 CER: 0.2599207762566149 BPE_CER 0.2599207762566149
val epoch:==:> 10 val smp no:==:> 0 val_cost:==:> 2.0342764854431152 CER: 0.21002165171667186 BPE_CER 0.21002165171667186
val epoch:==:> 10 val smp no:==:> 10 val_cost:==:> 2.221264817497947 CER: 0.25257776339699395 BPE_CER 0.25257776339699395
val epoch:==:> 10 val smp no:==:> 20 val_cost:==:> 2.2433368478502547 CER: 0.2559750259295485 BPE_CER 0.2559750259295485
val epoch:==:> 10 val smp no:==:> 30 val_cost:==:> 2.2378579878037974 CER: 0.2555676451812982 BPE_CER 0.2555676451812982
val_history: [70.35634078 57.97312679 61.39538493 45.92044376 38.82532763 46.16800143
 35.51369116 30.39199064 39.75967812 29.47686077 25.49791768]
model_epoch_10_sample_999_1.1171020466089248___2.233852463610032__0.25497917676519044
tr ep:==:> 11 sampl no:==:> 0 train_cost==:> 1.126438856124878 CER: 0.2596245625198854 BPE_CER 0.2596245625198854
tr ep:==:> 11 sampl no:==:> 50 train_cost==:> 1.1253259065104466 CER: 0.2661693577014994 BPE_CER 0.2661693577014994
tr ep:==:> 11 sampl no:==:> 100 train_cost==:> 1.124361471374436 CER: 0.2657065447325939 BPE_CER 0.2657065447325939
tr ep:==:> 11 sampl no:==:> 150 train_cost==:> 1.1266282078446141 CER: 0.2667690232076095 BPE_CER 0.2667690232076095
tr ep:==:> 11 sampl no:==:> 200 train_cost==:> 1.125727905562861 CER: 0.2663294821587622 BPE_CER 0.2663294821587622
tr ep:==:> 11 sampl no:==:> 250 train_cost==:> 1.1269042045471678 CER: 0.2666923207774742 BPE_CER 0.2666923207774742
tr ep:==:> 11 sampl no:==:> 300 train_cost==:> 1.1283449572186137 CER: 0.26759805217743193 BPE_CER 0.26759805217743193
tr ep:==:> 11 sampl no:==:> 350 train_cost==:> 1.1286817507186846 CER: 0.26767024984228566 BPE_CER 0.26767024984228566
tr ep:==:> 11 sampl no:==:> 400 train_cost==:> 1.1308295857579334 CER: 0.26861590899179005 BPE_CER 0.26861590899179005
tr ep:==:> 11 sampl no:==:> 450 train_cost==:> 1.132596056900109 CER: 0.2694383517605459 BPE_CER 0.2694383517605459
key,Src_tokens, self.max_feat_len, Tgt_tokens, self.max_label_len dOMOEYgEt7g_5 145 300 366 300
tr ep:==:> 11 sampl no:==:> 500 train_cost==:> 1.1365609428363883 CER: 0.2711920810924626 BPE_CER 0.2711920810924626
tr ep:==:> 11 sampl no:==:> 550 train_cost==:> 1.1386573200000825 CER: 0.27227354177824004 BPE_CER 0.27227354177824004
key,Src_tokens, self.max_feat_len, Tgt_tokens, self.max_label_len 0rqurUFgdJo_1 258 300 314 300
key,Src_tokens, self.max_feat_len, Tgt_tokens, self.max_label_len 62POU3g8yyg_3 272 300 302 300
key,Src_tokens, self.max_feat_len, Tgt_tokens, self.max_label_len -bLfarX5JXU_12 285 300 304 300
key,Src_tokens, self.max_feat_len, Tgt_tokens, self.max_label_len DhizhItKBOU_3 291 300 321 300
key,Src_tokens, self.max_feat_len, Tgt_tokens, self.max_label_len ehqk9k4eL_k_4 286 300 331 300
key,Src_tokens, self.max_feat_len, Tgt_tokens, self.max_label_len 493J3T7KlW8_2 265 300 313 300
key,Src_tokens, self.max_feat_len, Tgt_tokens, self.max_label_len cLMiUo-Rx5k_0 286 300 325 300
key,Src_tokens, self.max_feat_len, Tgt_tokens, self.max_label_len 2wJL2WGTUno_1 266 300 305 300
key,Src_tokens, self.max_feat_len, Tgt_tokens, self.max_label_len bioDgTVFqvE_2 294 300 348 300
key,Src_tokens, self.max_feat_len, Tgt_tokens, self.max_label_len CtkU61WviAk_7 275 300 303 300
key,Src_tokens, self.max_feat_len, Tgt_tokens, self.max_label_len eIh4MthHNxU_0 292 300 306 300
key,Src_tokens, self.max_feat_len, Tgt_tokens, self.max_label_len 41r65XHWjhc_1 289 300 318 300
key,Src_tokens, self.max_feat_len, Tgt_tokens, self.max_label_len 3KRbbl1MBDo_3 276 300 306 300
key,Src_tokens, self.max_feat_len, Tgt_tokens, self.max_label_len cRRD3k2ZGSc_5 288 300 320 300
key,Src_tokens, self.max_feat_len, Tgt_tokens, self.max_label_len 5TbywxVnACs_0 282 300 312 300
key,Src_tokens, self.max_feat_len, Tgt_tokens, self.max_label_len DKMswFUYUzM_1 287 300 325 300
key,Src_tokens, self.max_feat_len, Tgt_tokens, self.max_label_len 5GfDo4PyVYg_2 289 300 328 300
key,Src_tokens, self.max_feat_len, Tgt_tokens, self.max_label_len cVe-33JxCEo_15 315 300 305 300
key,Src_tokens, self.max_feat_len, Tgt_tokens, self.max_label_len b49QTkRCMAc_3 295 300 347 300
key,Src_tokens, self.max_feat_len, Tgt_tokens, self.max_label_len EHCVQO9kl3g_3 287 300 312 300
key,Src_tokens, self.max_feat_len, Tgt_tokens, self.max_label_len 4GvtfgDld6Q_4_5 324 300 317 300
key,Src_tokens, self.max_feat_len, Tgt_tokens, self.max_label_len EPktlec9eh4_13 295 300 342 300
key,Src_tokens, self.max_feat_len, Tgt_tokens, self.max_label_len 5E44aRUBuMM_7 296 300 329 300
key,Src_tokens, self.max_feat_len, Tgt_tokens, self.max_label_len bZZDcMTvOqU_2_3 303 300 337 300
key,Src_tokens, self.max_feat_len, Tgt_tokens, self.max_label_len Dd6MJFdK1dY_1 311 300 368 300
key,Src_tokens, self.max_feat_len, Tgt_tokens, self.max_label_len f6-nMrpbE9Q_4 377 300 385 300
key,Src_tokens, self.max_feat_len, Tgt_tokens, self.max_label_len cLiJmcEJGS0_2 342 300 377 300
key,Src_tokens, self.max_feat_len, Tgt_tokens, self.max_label_len bda9rprlDv0_2 313 300 361 300
key,Src_tokens, self.max_feat_len, Tgt_tokens, self.max_label_len 2uhBUuso_IA_4 311 300 394 300
key,Src_tokens, self.max_feat_len, Tgt_tokens, self.max_label_len dIjBq65VjJo_1 308 300 342 300
key,Src_tokens, self.max_feat_len, Tgt_tokens, self.max_label_len 5RDfL2DxEZw_0 311 300 341 300
key,Src_tokens, self.max_feat_len, Tgt_tokens, self.max_label_len dmFkCpuTDBo_9 327 300 352 300
key,Src_tokens, self.max_feat_len, Tgt_tokens, self.max_label_len FOlklF3YXhQ_3 325 300 331 300
key,Src_tokens, self.max_feat_len, Tgt_tokens, self.max_label_len Dd6MJFdK1dY_0 333 300 310 300
key,Src_tokens, self.max_feat_len, Tgt_tokens, self.max_label_len b_-fYgraVBk_4 343 300 371 300
key,Src_tokens, self.max_feat_len, Tgt_tokens, self.max_label_len 3L9jlQBbzzc_4 338 300 368 300
key,Src_tokens, self.max_feat_len, Tgt_tokens, self.max_label_len brjclAlla1E_5 356 300 348 300
key,Src_tokens, self.max_feat_len, Tgt_tokens, self.max_label_len 3Xx5z3qalz4_6 402 300 426 300
key,Src_tokens, self.max_feat_len, Tgt_tokens, self.max_label_len DRtvN6VLw5s_3 366 300 381 300
key,Src_tokens, self.max_feat_len, Tgt_tokens, self.max_label_len drYvhqW80zw_2 339 300 381 300
key,Src_tokens, self.max_feat_len, Tgt_tokens, self.max_label_len EauGmYmH6rc_9 362 300 384 300
key,Src_tokens, self.max_feat_len, Tgt_tokens, self.max_label_len CbnpkqlOWI0_5 349 300 381 300
key,Src_tokens, self.max_feat_len, Tgt_tokens, self.max_label_len c14_dqkC85k_5 364 300 362 300
key,Src_tokens, self.max_feat_len, Tgt_tokens, self.max_label_len 4KQ9XIZGabs_4 392 300 77 300
key,Src_tokens, self.max_feat_len, Tgt_tokens, self.max_label_len EHCVQO9kl3g_0 342 300 413 300
key,Src_tokens, self.max_feat_len, Tgt_tokens, self.max_label_len arbGwOyEaXY_3 357 300 387 300
key,Src_tokens, self.max_feat_len, Tgt_tokens, self.max_label_len acAk-7STHO4_2 361 300 392 300
key,Src_tokens, self.max_feat_len, Tgt_tokens, self.max_label_len ay7aiF-EwDQ_1 353 300 381 300
key,Src_tokens, self.max_feat_len, Tgt_tokens, self.max_label_len FUb0zNNDx-4_8 380 300 411 300
key,Src_tokens, self.max_feat_len, Tgt_tokens, self.max_label_len 3mtlKeNUM7M_4 374 300 405 300
key,Src_tokens, self.max_feat_len, Tgt_tokens, self.max_label_len cD_1TCqqgs4_5 379 300 443 300
key,Src_tokens, self.max_feat_len, Tgt_tokens, self.max_label_len _fJ6klMBtCM_1 383 300 404 300
key,Src_tokens, self.max_feat_len, Tgt_tokens, self.max_label_len f3ajmKO6gRQ_0_1 381 300 433 300
key,Src_tokens, self.max_feat_len, Tgt_tokens, self.max_label_len 5EyHJvHVIkQ_11 383 300 459 300
key,Src_tokens, self.max_feat_len, Tgt_tokens, self.max_label_len aWYmihAt2ks_4 414 300 425 300
key,Src_tokens, self.max_feat_len, Tgt_tokens, self.max_label_len 05svBr3FJD4_1 451 300 499 300
key,Src_tokens, self.max_feat_len, Tgt_tokens, self.max_label_len CUnZgauCwa8_2 430 300 373 300
key,Src_tokens, self.max_feat_len, Tgt_tokens, self.max_label_len 3tYl5172Qas_0 415 300 440 300
key,Src_tokens, self.max_feat_len, Tgt_tokens, self.max_label_len dztE9rGCozs_1 475 300 388 300
key,Src_tokens, self.max_feat_len, Tgt_tokens, self.max_label_len 6-3W9CZHKKs_1 475 300 212 300
tr ep:==:> 11 sampl no:==:> 600 train_cost==:> 1.1423552829691654 CER: 0.27402288926437424 BPE_CER 0.27402288926437424
tr ep:==:> 11 sampl no:==:> 650 train_cost==:> 1.1486029632263652 CER: 0.2770329745940399 BPE_CER 0.2770329745940399
tr ep:==:> 11 sampl no:==:> 700 train_cost==:> 1.1578626044296505 CER: 0.2813666298231081 BPE_CER 0.2813666298231081
tr ep:==:> 11 sampl no:==:> 750 train_cost==:> 1.1548812810812745 CER: 0.2784603042182529 BPE_CER 0.2784603042182529
tr ep:==:> 11 sampl no:==:> 800 train_cost==:> 1.1521893150351021 CER: 0.276787333715684 BPE_CER 0.276787333715684
tr ep:==:> 11 sampl no:==:> 850 train_cost==:> 1.145874320900398 CER: 0.2734247662292279 BPE_CER 0.2734247662292279
tr ep:==:> 11 sampl no:==:> 900 train_cost==:> 1.1387293926883617 CER: 0.26971606241582924 BPE_CER 0.26971606241582924
tr ep:==:> 11 sampl no:==:> 950 train_cost==:> 1.1321130981580692 CER: 0.26636011361400713 BPE_CER 0.26636011361400713
val epoch:==:> 11 val smp no:==:> 0 val_cost:==:> 2.2947216033935547 CER: 0.27992576554283943 BPE_CER 0.27992576554283943
val epoch:==:> 11 val smp no:==:> 10 val_cost:==:> 2.532732833515514 CER: 0.3314570000622832 BPE_CER 0.3314570000622832
val epoch:==:> 11 val smp no:==:> 20 val_cost:==:> 2.5430947031293596 CER: 0.33212540131649154 BPE_CER 0.33212540131649154
val epoch:==:> 11 val smp no:==:> 30 val_cost:==:> 2.528482460206555 CER: 0.3291019711195113 BPE_CER 0.3291019711195113
val_history: [70.35634078 57.97312679 61.39538493 45.92044376 38.82532763 46.16800143
 35.51369116 30.39199064 39.75967812 29.47686077 25.49791768 32.82069267]
model_epoch_11_sample_999_1.1263564504384995___2.5228257179260254__0.3282069266521072
tr ep:==:> 12 sampl no:==:> 0 train_cost==:> 1.0259699821472168 CER: 0.21157969978556113 BPE_CER 0.21157969978556113
tr ep:==:> 12 sampl no:==:> 50 train_cost==:> 1.0080688069848454 CER: 0.20322559715725752 BPE_CER 0.20322559715725752
tr ep:==:> 12 sampl no:==:> 100 train_cost==:> 1.005595864045738 CER: 0.2031996039070468 BPE_CER 0.2031996039070468
tr ep:==:> 12 sampl no:==:> 150 train_cost==:> 1.0076666225660715 CER: 0.2043389450962773 BPE_CER 0.2043389450962773
tr ep:==:> 12 sampl no:==:> 200 train_cost==:> 1.008480493998646 CER: 0.2049472810693653 BPE_CER 0.2049472810693653
tr ep:==:> 12 sampl no:==:> 250 train_cost==:> 1.0096193756240297 CER: 0.20567083545232542 BPE_CER 0.20567083545232542
tr ep:==:> 12 sampl no:==:> 300 train_cost==:> 1.0108529248110876 CER: 0.20647486668090653 BPE_CER 0.20647486668090653
tr ep:==:> 12 sampl no:==:> 350 train_cost==:> 1.0110088670016015 CER: 0.20658585045236877 BPE_CER 0.20658585045236877
tr ep:==:> 12 sampl no:==:> 400 train_cost==:> 1.01128838216872 CER: 0.20679130115282737 BPE_CER 0.20679130115282737
tr ep:==:> 12 sampl no:==:> 450 train_cost==:> 1.011715637078042 CER: 0.2072843167253931 BPE_CER 0.2072843167253931
tr ep:==:> 12 sampl no:==:> 500 train_cost==:> 1.0122390506034364 CER: 0.20769397939619275 BPE_CER 0.20769397939619275
tr ep:==:> 12 sampl no:==:> 550 train_cost==:> 1.0134473150957735 CER: 0.20842565864256962 BPE_CER 0.20842565864256962
tr ep:==:> 12 sampl no:==:> 600 train_cost==:> 1.0135290505683758 CER: 0.20864699294480468 BPE_CER 0.20864699294480468
tr ep:==:> 12 sampl no:==:> 650 train_cost==:> 1.0133112569192222 CER: 0.20867633860586532 BPE_CER 0.20867633860586532
tr ep:==:> 12 sampl no:==:> 700 train_cost==:> 1.0134588438331995 CER: 0.20877632781336622 BPE_CER 0.20877632781336622
tr ep:==:> 12 sampl no:==:> 750 train_cost==:> 1.0139655617677101 CER: 0.20916845208791876 BPE_CER 0.20916845208791876
tr ep:==:> 12 sampl no:==:> 800 train_cost==:> 1.0141635614536824 CER: 0.20943898558941057 BPE_CER 0.20943898558941057
tr ep:==:> 12 sampl no:==:> 850 train_cost==:> 1.0144019951971661 CER: 0.2096482236943568 BPE_CER 0.2096482236943568
tr ep:==:> 12 sampl no:==:> 900 train_cost==:> 1.0147182729082818 CER: 0.20992101228949725 BPE_CER 0.20992101228949725
tr ep:==:> 12 sampl no:==:> 950 train_cost==:> 1.0148977990155466 CER: 0.2101099081132219 BPE_CER 0.2101099081132219
val epoch:==:> 12 val smp no:==:> 0 val_cost:==:> 1.9720790386199951 CER: 0.19022579647386328 BPE_CER 0.19022579647386328
val epoch:==:> 12 val smp no:==:> 10 val_cost:==:> 2.2044204473495483 CER: 0.2533650160222787 BPE_CER 0.2533650160222787
val epoch:==:> 12 val smp no:==:> 20 val_cost:==:> 2.224273289952959 CER: 0.2549384314913734 BPE_CER 0.2549384314913734
val epoch:==:> 12 val smp no:==:> 30 val_cost:==:> 2.2096806187783518 CER: 0.2514028015184307 BPE_CER 0.2514028015184307
val_history: [70.35634078 57.97312679 61.39538493 45.92044376 38.82532763 46.16800143
 35.51369116 30.39199064 39.75967812 29.47686077 25.49791768 32.82069267
 25.0327858 ]
model_epoch_12_sample_999_1.01529983741045___2.203625153092777__0.25032785795445606
tr ep:==:> 13 sampl no:==:> 0 train_cost==:> 1.003951072692871 CER: 0.20797448165869215 BPE_CER 0.20797448165869215
tr ep:==:> 13 sampl no:==:> 50 train_cost==:> 1.0166071337812088 CER: 0.21308595095864855 BPE_CER 0.21308595095864855
tr ep:==:> 13 sampl no:==:> 100 train_cost==:> 1.0238388298761727 CER: 0.2157276625296414 BPE_CER 0.2157276625296414
tr ep:==:> 13 sampl no:==:> 150 train_cost==:> 1.0240813248994334 CER: 0.21593898883195112 BPE_CER 0.21593898883195112
tr ep:==:> 13 sampl no:==:> 200 train_cost==:> 1.0256596157206825 CER: 0.21653520392573106 BPE_CER 0.21653520392573106
tr ep:==:> 13 sampl no:==:> 250 train_cost==:> 1.0260883947292647 CER: 0.2168644333654071 BPE_CER 0.2168644333654071
tr ep:==:> 13 sampl no:==:> 300 train_cost==:> 1.0258492514540587 CER: 0.2168553271465195 BPE_CER 0.2168553271465195
tr ep:==:> 13 sampl no:==:> 350 train_cost==:> 1.0263894489008476 CER: 0.2172326073601383 BPE_CER 0.2172326073601383
tr ep:==:> 13 sampl no:==:> 400 train_cost==:> 1.0272389573052043 CER: 0.2178030449111939 BPE_CER 0.2178030449111939
tr ep:==:> 13 sampl no:==:> 450 train_cost==:> 1.0274940291688077 CER: 0.21802164782982741 BPE_CER 0.21802164782982741
tr ep:==:> 13 sampl no:==:> 500 train_cost==:> 1.0285302665895093 CER: 0.21849260337797083 BPE_CER 0.21849260337797083
tr ep:==:> 13 sampl no:==:> 550 train_cost==:> 1.0295165652804712 CER: 0.21893699230375768 BPE_CER 0.21893699230375768
tr ep:==:> 13 sampl no:==:> 600 train_cost==:> 1.0297186666241105 CER: 0.2191000970325713 BPE_CER 0.2191000970325713
tr ep:==:> 13 sampl no:==:> 650 train_cost==:> 1.0296287053191717 CER: 0.21909423397723052 BPE_CER 0.21909423397723052
tr ep:==:> 13 sampl no:==:> 700 train_cost==:> 1.0299083042076753 CER: 0.2193321424079204 BPE_CER 0.2193321424079204
tr ep:==:> 13 sampl no:==:> 750 train_cost==:> 1.0301965893346683 CER: 0.21952404286495827 BPE_CER 0.21952404286495827
tr ep:==:> 13 sampl no:==:> 800 train_cost==:> 1.0305599573250865 CER: 0.21982877745026544 BPE_CER 0.21982877745026544
tr ep:==:> 13 sampl no:==:> 850 train_cost==:> 1.0309366335880041 CER: 0.2200993551804534 BPE_CER 0.2200993551804534
tr ep:==:> 13 sampl no:==:> 900 train_cost==:> 1.0314489890150436 CER: 0.2202751589318599 BPE_CER 0.2202751589318599
tr ep:==:> 13 sampl no:==:> 950 train_cost==:> 1.0321560848022484 CER: 0.22068940384738797 BPE_CER 0.22068940384738797
val epoch:==:> 13 val smp no:==:> 0 val_cost:==:> 1.8917334079742432 CER: 0.17816269718527689 BPE_CER 0.17816269718527689
val epoch:==:> 13 val smp no:==:> 10 val_cost:==:> 2.0500573353333906 CER: 0.21445619551881379 BPE_CER 0.21445619551881379
val epoch:==:> 13 val smp no:==:> 20 val_cost:==:> 2.0731514465241205 CER: 0.21917203497085444 BPE_CER 0.21917203497085444
val epoch:==:> 13 val smp no:==:> 30 val_cost:==:> 2.0665451211314045 CER: 0.21796869475293085 BPE_CER 0.21796869475293085
val_history: [70.35634078 57.97312679 61.39538493 45.92044376 38.82532763 46.16800143
 35.51369116 30.39199064 39.75967812 29.47686077 25.49791768 32.82069267
 25.0327858  21.72889321]
model_epoch_13_sample_999_1.0326315532326698___2.0630425810813904__0.21728893213706166
tr ep:==:> 14 sampl no:==:> 0 train_cost==:> 1.1109341382980347 CER: 0.25161290322580643 BPE_CER 0.25161290322580643
tr ep:==:> 14 sampl no:==:> 50 train_cost==:> 1.0496935178251827 CER: 0.2302468057833337 BPE_CER 0.2302468057833337
tr ep:==:> 14 sampl no:==:> 100 train_cost==:> 1.048954734117678 CER: 0.23016078750171462 BPE_CER 0.23016078750171462
tr ep:==:> 14 sampl no:==:> 150 train_cost==:> 1.0482830638127612 CER: 0.22983806553341846 BPE_CER 0.22983806553341846
tr ep:==:> 14 sampl no:==:> 200 train_cost==:> 1.0489295291070322 CER: 0.23027534898176769 BPE_CER 0.23027534898176769
tr ep:==:> 14 sampl no:==:> 250 train_cost==:> 1.0503894869549817 CER: 0.23125637006504984 BPE_CER 0.23125637006504984
tr ep:==:> 14 sampl no:==:> 300 train_cost==:> 1.0513455267760445 CER: 0.2316297689114538 BPE_CER 0.2316297689114538
tr ep:==:> 14 sampl no:==:> 350 train_cost==:> 1.054139163589206 CER: 0.23305210049441194 BPE_CER 0.23305210049441194
key,Src_tokens, self.max_feat_len, Tgt_tokens, self.max_label_len dOMOEYgEt7g_5 145 300 366 300
tr ep:==:> 14 sampl no:==:> 400 train_cost==:> 1.0572700432113875 CER: 0.23464796392806378 BPE_CER 0.23464796392806378
tr ep:==:> 14 sampl no:==:> 450 train_cost==:> 1.0607247257444123 CER: 0.23628251089397576 BPE_CER 0.23628251089397576
tr ep:==:> 14 sampl no:==:> 500 train_cost==:> 1.0631804579270339 CER: 0.23737147666239886 BPE_CER 0.23737147666239886
key,Src_tokens, self.max_feat_len, Tgt_tokens, self.max_label_len 0rqurUFgdJo_1 258 300 314 300
key,Src_tokens, self.max_feat_len, Tgt_tokens, self.max_label_len 62POU3g8yyg_3 272 300 302 300
key,Src_tokens, self.max_feat_len, Tgt_tokens, self.max_label_len -bLfarX5JXU_12 285 300 304 300
key,Src_tokens, self.max_feat_len, Tgt_tokens, self.max_label_len DhizhItKBOU_3 291 300 321 300
key,Src_tokens, self.max_feat_len, Tgt_tokens, self.max_label_len ehqk9k4eL_k_4 286 300 331 300
key,Src_tokens, self.max_feat_len, Tgt_tokens, self.max_label_len 493J3T7KlW8_2 265 300 313 300
key,Src_tokens, self.max_feat_len, Tgt_tokens, self.max_label_len cLMiUo-Rx5k_0 286 300 325 300
key,Src_tokens, self.max_feat_len, Tgt_tokens, self.max_label_len 2wJL2WGTUno_1 266 300 305 300
key,Src_tokens, self.max_feat_len, Tgt_tokens, self.max_label_len bioDgTVFqvE_2 294 300 348 300
key,Src_tokens, self.max_feat_len, Tgt_tokens, self.max_label_len CtkU61WviAk_7 275 300 303 300
key,Src_tokens, self.max_feat_len, Tgt_tokens, self.max_label_len eIh4MthHNxU_0 292 300 306 300
key,Src_tokens, self.max_feat_len, Tgt_tokens, self.max_label_len 41r65XHWjhc_1 289 300 318 300
key,Src_tokens, self.max_feat_len, Tgt_tokens, self.max_label_len 3KRbbl1MBDo_3 276 300 306 300
key,Src_tokens, self.max_feat_len, Tgt_tokens, self.max_label_len cRRD3k2ZGSc_5 288 300 320 300
key,Src_tokens, self.max_feat_len, Tgt_tokens, self.max_label_len 5TbywxVnACs_0 282 300 312 300
key,Src_tokens, self.max_feat_len, Tgt_tokens, self.max_label_len DKMswFUYUzM_1 287 300 325 300
key,Src_tokens, self.max_feat_len, Tgt_tokens, self.max_label_len 5GfDo4PyVYg_2 289 300 328 300
key,Src_tokens, self.max_feat_len, Tgt_tokens, self.max_label_len cVe-33JxCEo_15 315 300 305 300
key,Src_tokens, self.max_feat_len, Tgt_tokens, self.max_label_len b49QTkRCMAc_3 295 300 347 300
key,Src_tokens, self.max_feat_len, Tgt_tokens, self.max_label_len EHCVQO9kl3g_3 287 300 312 300
key,Src_tokens, self.max_feat_len, Tgt_tokens, self.max_label_len 4GvtfgDld6Q_4_5 324 300 317 300
key,Src_tokens, self.max_feat_len, Tgt_tokens, self.max_label_len EPktlec9eh4_13 295 300 342 300
key,Src_tokens, self.max_feat_len, Tgt_tokens, self.max_label_len 5E44aRUBuMM_7 296 300 329 300
key,Src_tokens, self.max_feat_len, Tgt_tokens, self.max_label_len bZZDcMTvOqU_2_3 303 300 337 300
key,Src_tokens, self.max_feat_len, Tgt_tokens, self.max_label_len Dd6MJFdK1dY_1 311 300 368 300
key,Src_tokens, self.max_feat_len, Tgt_tokens, self.max_label_len f6-nMrpbE9Q_4 377 300 385 300
key,Src_tokens, self.max_feat_len, Tgt_tokens, self.max_label_len cLiJmcEJGS0_2 342 300 377 300
key,Src_tokens, self.max_feat_len, Tgt_tokens, self.max_label_len bda9rprlDv0_2 313 300 361 300
key,Src_tokens, self.max_feat_len, Tgt_tokens, self.max_label_len 2uhBUuso_IA_4 311 300 394 300
key,Src_tokens, self.max_feat_len, Tgt_tokens, self.max_label_len dIjBq65VjJo_1 308 300 342 300
key,Src_tokens, self.max_feat_len, Tgt_tokens, self.max_label_len 5RDfL2DxEZw_0 311 300 341 300
key,Src_tokens, self.max_feat_len, Tgt_tokens, self.max_label_len dmFkCpuTDBo_9 327 300 352 300
key,Src_tokens, self.max_feat_len, Tgt_tokens, self.max_label_len FOlklF3YXhQ_3 325 300 331 300
key,Src_tokens, self.max_feat_len, Tgt_tokens, self.max_label_len Dd6MJFdK1dY_0 333 300 310 300
key,Src_tokens, self.max_feat_len, Tgt_tokens, self.max_label_len b_-fYgraVBk_4 343 300 371 300
key,Src_tokens, self.max_feat_len, Tgt_tokens, self.max_label_len 3L9jlQBbzzc_4 338 300 368 300
key,Src_tokens, self.max_feat_len, Tgt_tokens, self.max_label_len brjclAlla1E_5 356 300 348 300
key,Src_tokens, self.max_feat_len, Tgt_tokens, self.max_label_len 3Xx5z3qalz4_6 402 300 426 300
key,Src_tokens, self.max_feat_len, Tgt_tokens, self.max_label_len DRtvN6VLw5s_3 366 300 381 300
key,Src_tokens, self.max_feat_len, Tgt_tokens, self.max_label_len drYvhqW80zw_2 339 300 381 300
key,Src_tokens, self.max_feat_len, Tgt_tokens, self.max_label_len EauGmYmH6rc_9 362 300 384 300
key,Src_tokens, self.max_feat_len, Tgt_tokens, self.max_label_len CbnpkqlOWI0_5 349 300 381 300
key,Src_tokens, self.max_feat_len, Tgt_tokens, self.max_label_len c14_dqkC85k_5 364 300 362 300
key,Src_tokens, self.max_feat_len, Tgt_tokens, self.max_label_len 4KQ9XIZGabs_4 392 300 77 300
key,Src_tokens, self.max_feat_len, Tgt_tokens, self.max_label_len EHCVQO9kl3g_0 342 300 413 300
key,Src_tokens, self.max_feat_len, Tgt_tokens, self.max_label_len arbGwOyEaXY_3 357 300 387 300
key,Src_tokens, self.max_feat_len, Tgt_tokens, self.max_label_len acAk-7STHO4_2 361 300 392 300
key,Src_tokens, self.max_feat_len, Tgt_tokens, self.max_label_len ay7aiF-EwDQ_1 353 300 381 300
key,Src_tokens, self.max_feat_len, Tgt_tokens, self.max_label_len FUb0zNNDx-4_8 380 300 411 300
key,Src_tokens, self.max_feat_len, Tgt_tokens, self.max_label_len 3mtlKeNUM7M_4 374 300 405 300
key,Src_tokens, self.max_feat_len, Tgt_tokens, self.max_label_len cD_1TCqqgs4_5 379 300 443 300
key,Src_tokens, self.max_feat_len, Tgt_tokens, self.max_label_len _fJ6klMBtCM_1 383 300 404 300
key,Src_tokens, self.max_feat_len, Tgt_tokens, self.max_label_len f3ajmKO6gRQ_0_1 381 300 433 300
key,Src_tokens, self.max_feat_len, Tgt_tokens, self.max_label_len 5EyHJvHVIkQ_11 383 300 459 300
key,Src_tokens, self.max_feat_len, Tgt_tokens, self.max_label_len aWYmihAt2ks_4 414 300 425 300
key,Src_tokens, self.max_feat_len, Tgt_tokens, self.max_label_len 05svBr3FJD4_1 451 300 499 300
key,Src_tokens, self.max_feat_len, Tgt_tokens, self.max_label_len CUnZgauCwa8_2 430 300 373 300
key,Src_tokens, self.max_feat_len, Tgt_tokens, self.max_label_len 3tYl5172Qas_0 415 300 440 300
key,Src_tokens, self.max_feat_len, Tgt_tokens, self.max_label_len dztE9rGCozs_1 475 300 388 300
key,Src_tokens, self.max_feat_len, Tgt_tokens, self.max_label_len 6-3W9CZHKKs_1 475 300 212 300
tr ep:==:> 14 sampl no:==:> 550 train_cost==:> 1.067806994525577 CER: 0.23971516462042158 BPE_CER 0.23971516462042158
tr ep:==:> 14 sampl no:==:> 600 train_cost==:> 1.0765704978722304 CER: 0.24418640666607733 BPE_CER 0.24418640666607733
tr ep:==:> 14 sampl no:==:> 650 train_cost==:> 1.0772816527823699 CER: 0.24350163852327594 BPE_CER 0.24350163852327594
tr ep:==:> 14 sampl no:==:> 700 train_cost==:> 1.0751704100875474 CER: 0.2418735696951082 BPE_CER 0.2418735696951082
tr ep:==:> 14 sampl no:==:> 750 train_cost==:> 1.070065413349954 CER: 0.23901780789555202 BPE_CER 0.23901780789555202
tr ep:==:> 14 sampl no:==:> 800 train_cost==:> 1.0630913082877647 CER: 0.23531571996894918 BPE_CER 0.23531571996894918
tr ep:==:> 14 sampl no:==:> 850 train_cost==:> 1.0566125657807786 CER: 0.23189996693648515 BPE_CER 0.23189996693648515
Traceback (most recent call last):
  File "/mnt/matylda3/vydana/HOW2_EXP/MT_Transformer/Transformer_MT_Training.py", line 189, in <module>
    main()
  File "/mnt/matylda3/vydana/HOW2_EXP/MT_Transformer/Transformer_MT_Training.py", line 105, in main
    trainflag = True)
  File "/mnt/matylda3/vydana/HOW2_EXP/MT_Transformer/MT_Transformer/Transformer_Training_loop_MT.py", line 54, in train_val_model
    Decoder_out_dict = model(smp_Src_labels,smp_Tgt_labels)
  File "/mnt/matylda3/vydana/anaconda3/envs/python3_pytorch_1.0/lib/python3.7/site-packages/torch/nn/modules/module.py", line 541, in __call__
    result = self.forward(*input, **kwargs)
  File "/mnt/matylda3/vydana/HOW2_EXP/MT_Transformer/MT_Transformer/TRANSFORMER_MT_V1.py", line 41, in forward
    output_dict = self.decoder(padded_Tgt_seq, encoder_padded_outputs)
  File "/mnt/matylda3/vydana/anaconda3/envs/python3_pytorch_1.0/lib/python3.7/site-packages/torch/nn/modules/module.py", line 541, in __call__
    result = self.forward(*input, **kwargs)
  File "/mnt/matylda3/vydana/HOW2_EXP/MT_Transformer/MT_Transformer/Trans_Decoder.py", line 172, in forward
    cost, CER = cal_performance(pred, gold,self.IGNORE_ID,normalize_length=False,smoothing=self.label_smoothing)
  File "/mnt/matylda3/vydana/HOW2_EXP/MT_Transformer/MT_Transformer/Trans_Decoder.py", line 479, in cal_performance
    loss = cal_loss(pred, gold,IGNORE_ID,normalize_length,smoothing)
  File "/mnt/matylda3/vydana/HOW2_EXP/MT_Transformer/MT_Transformer/Trans_Decoder.py", line 506, in cal_loss
    one_hot = one_hot * (1 - eps) + (1 - one_hot) * eps / n_class
RuntimeError: CUDA out of memory. Tried to allocate 306.00 MiB (GPU 0; 7.80 GiB total capacity; 6.18 GiB already allocated; 246.00 MiB free; 612.77 MiB cached)
/mnt/matylda3/vydana/HOW2_EXP/MT_Transformer/scp_files/dev/
dev
/mnt/matylda3/vydana/HOW2_EXP/MT_Transformer/models/Transformer_T4/decoding_log__decoding_v1_beam_10_dev
queue.pl: 400 / 400 failed, log is in /mnt/matylda3/vydana/HOW2_EXP/MT_Transformer/models/Transformer_T4/decoding_log__decoding_v1_beam_10_dev/decoding_job.*.log
align-text ark,t:/mnt/matylda3/vydana/HOW2_EXP/MT_Transformer/models/Transformer_T4/decoding_log__decoding_v1_beam_10_dev/scoring/hyp_val_file ark,t:/mnt/matylda3/vydana/HOW2_EXP/MT_Transformer/models/Transformer_T4/decoding_log__decoding_v1_beam_10_dev/scoring/ref_val_file ark,t:/mnt/matylda3/vydana/HOW2_EXP/MT_Transformer/models/Transformer_T4/decoding_log__decoding_v1_beam_10_dev/scoring/alignment.txt_val 
LOG (align-text[5.5.193~1-05d9a]:main():align-text.cc:129) Done 0 sentences, failed for 0
/mnt/matylda3/vydana/HOW2_EXP/Gen_V1/ATTNCODE/Basic_Attention_V1/utils/scoring/wer_per_utt_details.pl: Note: handling as utf-8 text
compute-wer --text --mode=present ark:/mnt/matylda3/vydana/HOW2_EXP/MT_Transformer/models/Transformer_T4/decoding_log__decoding_v1_beam_10_dev/scoring/hyp_val_file ark,t:/mnt/matylda3/vydana/HOW2_EXP/MT_Transformer/models/Transformer_T4/decoding_log__decoding_v1_beam_10_dev/scoring/ref_val_file 
%WER -nan [ 0 / 0, 0 ins, 0 del, 0 sub ]
%SER -nan [ 0 / 0 ]
Scored 0 sentences, 0 not present in hyp.
/mnt/matylda3/vydana/HOW2_EXP/MT_Transformer/scp_files/dev/
dev
/mnt/matylda3/vydana/HOW2_EXP/MT_Transformer/models/Transformer_T4/decoding_log__decoding_v1_beam_10_dev
queue.pl: 400 / 400 failed, log is in /mnt/matylda3/vydana/HOW2_EXP/MT_Transformer/models/Transformer_T4/decoding_log__decoding_v1_beam_10_dev/decoding_job.*.log
align-text ark,t:/mnt/matylda3/vydana/HOW2_EXP/MT_Transformer/models/Transformer_T4/decoding_log__decoding_v1_beam_10_dev/scoring/hyp_val_file ark,t:/mnt/matylda3/vydana/HOW2_EXP/MT_Transformer/models/Transformer_T4/decoding_log__decoding_v1_beam_10_dev/scoring/ref_val_file ark,t:/mnt/matylda3/vydana/HOW2_EXP/MT_Transformer/models/Transformer_T4/decoding_log__decoding_v1_beam_10_dev/scoring/alignment.txt_val 
LOG (align-text[5.5.193~1-05d9a]:main():align-text.cc:129) Done 0 sentences, failed for 0
/mnt/matylda3/vydana/HOW2_EXP/Gen_V1/ATTNCODE/Basic_Attention_V1/utils/scoring/wer_per_utt_details.pl: Note: handling as utf-8 text
compute-wer --text --mode=present ark:/mnt/matylda3/vydana/HOW2_EXP/MT_Transformer/models/Transformer_T4/decoding_log__decoding_v1_beam_10_dev/scoring/hyp_val_file ark,t:/mnt/matylda3/vydana/HOW2_EXP/MT_Transformer/models/Transformer_T4/decoding_log__decoding_v1_beam_10_dev/scoring/ref_val_file 
%WER -nan [ 0 / 0, 0 ins, 0 del, 0 sub ]
%SER -nan [ 0 / 0 ]
Scored 0 sentences, 0 not present in hyp.
